[33mâ¯[39m Building...
[32mâœ”[39m Building...
Application bundle generation failed. [18.873 seconds]

[1m[31m[31mX [41;31m[[41;97mERROR[41;31m][0m [1mTS1490: File appears to be binary.[0m [1m[35m[plugin angular-compiler][0m

    node_modules/rxjs/dist/types/internal/Notification.d.ts:0:0:
[37m      0 â”‚ [32m[37m
        â•µ [32m^[0m


[31mX [41;31m[[41;97mERROR[41;31m][0m [1mTS1127: Invalid character.[0m [1m[35m[plugin angular-compiler][0m

    node_modules/rxjs/dist/types/internal/Notification.d.ts:1:1:
[37m      1 â”‚ $[32m[37mï¿½ï¿½mï¿½ï¿½moï¿½Lï¿½Dï¿½ï¿½;ï¿½%gï¿½?wï¿½ï¿½Å·ï¿½ï¿½ï¿½ovH0ï¿½...
        â•µ  [32m^[0m


[31mX [41;31m[[41;97mERROR[41;31m][0m [1mTS1128: Declaration or statement expected.[0m [1m[35m[plugin angular-compiler][0m

    node_modules/rxjs/dist/types/internal/Notification.d.ts:1:2:
[37m      1 â”‚ $[32mï¿½ï¿½mï¿½ï¿½moï¿½Lï¿½Dï¿½ï¿½;ï¿½%gï¿½?wï¿½ï¿½Å·ï¿½ï¿½ï¿½ovH0ï¿½[37m...
        â•µ   [32m~~~~~~~~~~~~~~~~~~~~~~~~~~~~~~~~~~[0m


[31mX [41;31m[[41;97mERROR[41;31m][0m [1mTS1490: File appears to be binary.[0m [1m[35m[plugin angular-compiler][0m

    node_modules/rxjs/dist/types/internal/Observable.d.ts:0:0:
[37m      0 â”‚ [32m[37m
        â•µ [32m^[0m


[31mX [41;31m[[41;97mERROR[41;31m][0m [1mTS1127: Invalid character.[0m [1m[35m[plugin angular-compiler][0m

    node_modules/rxjs/dist/types/internal/Observable.d.ts:1:1:
[37m      1 â”‚ $[32m[37mï¿½ï¿½mï¿½ï¿½moï¿½Lï¿½Dï¿½ï¿½;ï¿½%gï¿½?wï¿½ï¿½Å·ï¿½ï¿½ï¿½ovH0ï¿½...
        â•µ  [32m^[0m


[31mX [41;31m[[41;97mERROR[41;31m][0m [1mTS1128: Declaration or statement expected.[0m [1m[35m[plugin angular-compiler][0m

    node_modules/rxjs/dist/types/internal/Observable.d.ts:1:2:
[37m      1 â”‚ $[32mï¿½ï¿½mï¿½ï¿½moï¿½Lï¿½Dï¿½ï¿½;ï¿½%gï¿½?wï¿½ï¿½Å·ï¿½ï¿½ï¿½ovH0ï¿½[37m...
        â•µ   [32m~~~~~~~~~~~~~~~~~~~~~~~~~~~~~~~~~~[0m


[31mX [41;31m[[41;97mERROR[41;31m][0m [1mTS1490: File appears to be binary.[0m [1m[35m[plugin angular-compiler][0m

    node_modules/rxjs/dist/types/internal/ReplaySubject.d.ts:0:0:
[37m      0 â”‚ [32m[37m
        â•µ [32m^[0m


[31mX [41;31m[[41;97mERROR[41;31m][0m [1mTS1127: Invalid character.[0m [1m[35m[plugin angular-compiler][0m

    node_modules/rxjs/dist/types/internal/ReplaySubject.d.ts:1:1:
[37m      1 â”‚ $[32m[37mï¿½ï¿½mï¿½ï¿½moï¿½Lï¿½Dï¿½ï¿½;ï¿½%gï¿½?wï¿½ï¿½Å·ï¿½ï¿½ï¿½ovH0ï¿½...
        â•µ  [32m^[0m


[31mX [41;31m[[41;97mERROR[41;31m][0m [1mTS1128: Declaration or statement expected.[0m [1m[35m[plugin angular-compiler][0m

    node_modules/rxjs/dist/types/internal/ReplaySubject.d.ts:1:2:
[37m      1 â”‚ $[32mï¿½ï¿½mï¿½ï¿½moï¿½Lï¿½Dï¿½ï¿½;ï¿½%gï¿½?wï¿½ï¿½Å·ï¿½ï¿½ï¿½ovH0ï¿½[37m...
        â•µ   [32m~~~~~~~~~~~~~~~~~~~~~~~~~~~~~~~~~~[0m


[31mX [41;31m[[41;97mERROR[41;31m][0m [1mTS1490: File appears to be binary.[0m [1m[35m[plugin angular-compiler][0m

    node_modules/rxjs/dist/types/internal/Scheduler.d.ts:0:0:
[37m      0 â”‚ [32m[37m
        â•µ [32m^[0m


[31mX [41;31m[[41;97mERROR[41;31m][0m [1mTS1127: Invalid character.[0m [1m[35m[plugin angular-compiler][0m

    node_modules/rxjs/dist/types/internal/Scheduler.d.ts:1:1:
[37m      1 â”‚ $[32m[37mï¿½ï¿½mï¿½ï¿½moï¿½Lï¿½Dï¿½ï¿½;ï¿½%gï¿½?wï¿½ï¿½Å·ï¿½ï¿½ï¿½ovH0ï¿½...
        â•µ  [32m^[0m


[31mX [41;31m[[41;97mERROR[41;31m][0m [1mTS1128: Declaration or statement expected.[0m [1m[35m[plugin angular-compiler][0m

    node_modules/rxjs/dist/types/internal/Scheduler.d.ts:1:2:
[37m      1 â”‚ $[32mï¿½ï¿½mï¿½ï¿½moï¿½Lï¿½Dï¿½ï¿½;ï¿½%gï¿½?wï¿½ï¿½Å·ï¿½ï¿½ï¿½ovH0ï¿½[37m...
        â•µ   [32m~~~~~~~~~~~~~~~~~~~~~~~~~~~~~~~~~~[0m


[31mX [41;31m[[41;97mERROR[41;31m][0m [1mTS1490: File appears to be binary.[0m [1m[35m[plugin angular-compiler][0m

    node_modules/rxjs/dist/types/internal/Subject.d.ts:0:0:
[37m      0 â”‚ [32m[37m
        â•µ [32m^[0m


[31mX [41;31m[[41;97mERROR[41;31m][0m [1mTS1127: Invalid character.[0m [1m[35m[plugin angular-compiler][0m

    node_modules/rxjs/dist/types/internal/Subject.d.ts:1:1:
[37m      1 â”‚ $[32m[37mï¿½ï¿½mï¿½ï¿½moï¿½Lï¿½Dï¿½ï¿½;ï¿½%gï¿½?wï¿½ï¿½Å·ï¿½ï¿½ï¿½ovH0ï¿½...
        â•µ  [32m^[0m


[31mX [41;31m[[41;97mERROR[41;31m][0m [1mTS1128: Declaration or statement expected.[0m [1m[35m[plugin angular-compiler][0m

    node_modules/rxjs/dist/types/internal/Subject.d.ts:1:2:
[37m      1 â”‚ $[32mï¿½ï¿½mï¿½ï¿½moï¿½Lï¿½Dï¿½ï¿½;ï¿½%gï¿½?wï¿½ï¿½Å·ï¿½ï¿½ï¿½ovH0ï¿½[37m...
        â•µ   [32m~~~~~~~~~~~~~~~~~~~~~~~~~~~~~~~~~~[0m


[31mX [41;31m[[41;97mERROR[41;31m][0m [1mTS1490: File appears to be binary.[0m [1m[35m[plugin angular-compiler][0m

    node_modules/rxjs/dist/types/internal/Subscriber.d.ts:0:0:
[37m      0 â”‚ [32m[37m
        â•µ [32m^[0m


[31mX [41;31m[[41;97mERROR[41;31m][0m [1mTS1127: Invalid character.[0m [1m[35m[plugin angular-compiler][0m

    node_modules/rxjs/dist/types/internal/Subscriber.d.ts:1:1:
[37m      1 â”‚ $[32m[37mï¿½ï¿½mï¿½ï¿½moï¿½Lï¿½Dï¿½ï¿½;ï¿½%gï¿½?wï¿½ï¿½Å·ï¿½ï¿½ï¿½ovH0ï¿½...
        â•µ  [32m^[0m


[31mX [41;31m[[41;97mERROR[41;31m][0m [1mTS1128: Declaration or statement expected.[0m [1m[35m[plugin angular-compiler][0m

    node_modules/rxjs/dist/types/internal/Subscriber.d.ts:1:2:
[37m      1 â”‚ $[32mï¿½ï¿½mï¿½ï¿½moï¿½Lï¿½Dï¿½ï¿½;ï¿½%gï¿½?wï¿½ï¿½Å·ï¿½ï¿½ï¿½ovH0ï¿½[37m...
        â•µ   [32m~~~~~~~~~~~~~~~~~~~~~~~~~~~~~~~~~~[0m


[31mX [41;31m[[41;97mERROR[41;31m][0m [1mTS1490: File appears to be binary.[0m [1m[35m[plugin angular-compiler][0m

    node_modules/rxjs/dist/types/internal/Subscription.d.ts:0:0:
[37m      0 â”‚ [32m[37m
        â•µ [32m^[0m


[31mX [41;31m[[41;97mERROR[41;31m][0m [1mTS1127: Invalid character.[0m [1m[35m[plugin angular-compiler][0m

    node_modules/rxjs/dist/types/internal/Subscription.d.ts:1:1:
[37m      1 â”‚ $[32m[37mï¿½ï¿½mï¿½ï¿½moï¿½Lï¿½Dï¿½ï¿½;ï¿½%gï¿½?wï¿½ï¿½Å·ï¿½ï¿½ï¿½ovH0ï¿½...
        â•µ  [32m^[0m


[31mX [41;31m[[41;97mERROR[41;31m][0m [1mTS1128: Declaration or statement expected.[0m [1m[35m[plugin angular-compiler][0m

    node_modules/rxjs/dist/types/internal/Subscription.d.ts:1:2:
[37m      1 â”‚ $[32mï¿½ï¿½mï¿½ï¿½moï¿½Lï¿½Dï¿½ï¿½;ï¿½%gï¿½?wï¿½ï¿½Å·ï¿½ï¿½ï¿½ovH0ï¿½[37m...
        â•µ   [32m~~~~~~~~~~~~~~~~~~~~~~~~~~~~~~~~~~[0m


[31mX [41;31m[[41;97mERROR[41;31m][0m [1mTS1490: File appears to be binary.[0m [1m[35m[plugin angular-compiler][0m

    node_modules/rxjs/dist/types/internal/config.d.ts:0:0:
[37m      0 â”‚ [32m[37m
        â•µ [32m^[0m


[31mX [41;31m[[41;97mERROR[41;31m][0m [1mTS1127: Invalid character.[0m [1m[35m[plugin angular-compiler][0m

    node_modules/rxjs/dist/types/internal/config.d.ts:1:1:
[37m      1 â”‚ $[32m[37mï¿½ï¿½mï¿½ï¿½moï¿½Lï¿½Dï¿½ï¿½;ï¿½%gï¿½?wï¿½ï¿½Å·ï¿½ï¿½ï¿½ovH0ï¿½...
        â•µ  [32m^[0m


[31mX [41;31m[[41;97mERROR[41;31m][0m [1mTS1128: Declaration or statement expected.[0m [1m[35m[plugin angular-compiler][0m

    node_modules/rxjs/dist/types/internal/config.d.ts:1:2:
[37m      1 â”‚ $[32mï¿½ï¿½mï¿½ï¿½moï¿½Lï¿½Dï¿½ï¿½;ï¿½%gï¿½?wï¿½ï¿½Å·ï¿½ï¿½ï¿½ovH0ï¿½[37m...
        â•µ   [32m~~~~~~~~~~~~~~~~~~~~~~~~~~~~~~~~~~[0m


[31mX [41;31m[[41;97mERROR[41;31m][0m [1mTS1490: File appears to be binary.[0m [1m[35m[plugin angular-compiler][0m

    node_modules/rxjs/dist/types/internal/observable/ConnectableObservable.d.ts:0:0:
[37m      0 â”‚ [32m[37m
        â•µ [32m^[0m


[31mX [41;31m[[41;97mERROR[41;31m][0m [1mTS1127: Invalid character.[0m [1m[35m[plugin angular-compiler][0m

    node_modules/rxjs/dist/types/internal/observable/ConnectableObservable.d.ts:1:1:
[37m      1 â”‚ $[32m[37mï¿½ï¿½mï¿½ï¿½moï¿½Lï¿½Dï¿½ï¿½;ï¿½%gï¿½?wï¿½ï¿½Å·ï¿½ï¿½ï¿½ovH0ï¿½...
        â•µ  [32m^[0m


[31mX [41;31m[[41;97mERROR[41;31m][0m [1mTS1128: Declaration or statement expected.[0m [1m[35m[plugin angular-compiler][0m

    node_modules/rxjs/dist/types/internal/observable/ConnectableObservable.d.ts:1:2:
[37m      1 â”‚ $[32mï¿½ï¿½mï¿½ï¿½moï¿½Lï¿½Dï¿½ï¿½;ï¿½%gï¿½?wï¿½ï¿½Å·ï¿½ï¿½ï¿½ovH0ï¿½[37m...
        â•µ   [32m~~~~~~~~~~~~~~~~~~~~~~~~~~~~~~~~~~[0m


[31mX [41;31m[[41;97mERROR[41;31m][0m [1mTS1490: File appears to be binary.[0m [1m[35m[plugin angular-compiler][0m

    node_modules/rxjs/dist/types/internal/observable/combineLatest.d.ts:0:0:
[37m      0 â”‚ [32m[37m
        â•µ [32m^[0m


[31mX [41;31m[[41;97mERROR[41;31m][0m [1mTS1127: Invalid character.[0m [1m[35m[plugin angular-compiler][0m

    node_modules/rxjs/dist/types/internal/observable/combineLatest.d.ts:1:1:
[37m      1 â”‚ $[32m[37mï¿½ï¿½mï¿½ï¿½moï¿½Lï¿½Dï¿½ï¿½;ï¿½%gï¿½?wï¿½ï¿½Å·ï¿½ï¿½ï¿½ovH0ï¿½...
        â•µ  [32m^[0m


[31mX [41;31m[[41;97mERROR[41;31m][0m [1mTS1128: Declaration or statement expected.[0m [1m[35m[plugin angular-compiler][0m

    node_modules/rxjs/dist/types/internal/observable/combineLatest.d.ts:1:2:
[37m      1 â”‚ $[32mï¿½ï¿½mï¿½ï¿½moï¿½Lï¿½Dï¿½ï¿½;ï¿½%gï¿½?wï¿½ï¿½Å·ï¿½ï¿½ï¿½ovH0ï¿½[37m...
        â•µ   [32m~~~~~~~~~~~~~~~~~~~~~~~~~~~~~~~~~~[0m


[31mX [41;31m[[41;97mERROR[41;31m][0m [1mTS1490: File appears to be binary.[0m [1m[35m[plugin angular-compiler][0m

    node_modules/rxjs/dist/types/internal/observable/connectable.d.ts:0:0:
[37m      0 â”‚ [32m[37m
        â•µ [32m^[0m


[31mX [41;31m[[41;97mERROR[41;31m][0m [1mTS1127: Invalid character.[0m [1m[35m[plugin angular-compiler][0m

    node_modules/rxjs/dist/types/internal/observable/connectable.d.ts:1:1:
[37m      1 â”‚ $[32m[37mï¿½ï¿½mï¿½ï¿½moï¿½Lï¿½Dï¿½ï¿½;ï¿½%gï¿½?wï¿½ï¿½Å·ï¿½ï¿½ï¿½ovH0ï¿½...
        â•µ  [32m^[0m


[31mX [41;31m[[41;97mERROR[41;31m][0m [1mTS1128: Declaration or statement expected.[0m [1m[35m[plugin angular-compiler][0m

    node_modules/rxjs/dist/types/internal/observable/connectable.d.ts:1:2:
[37m      1 â”‚ $[32mï¿½ï¿½mï¿½ï¿½moï¿½Lï¿½Dï¿½ï¿½;ï¿½%gï¿½?wï¿½ï¿½Å·ï¿½ï¿½ï¿½ovH0ï¿½[37m...
        â•µ   [32m~~~~~~~~~~~~~~~~~~~~~~~~~~~~~~~~~~[0m


[31mX [41;31m[[41;97mERROR[41;31m][0m [1mTS1490: File appears to be binary.[0m [1m[35m[plugin angular-compiler][0m

    node_modules/rxjs/dist/types/internal/observable/dom/animationFrames.d.ts:0:0:
[37m      0 â”‚ [32m[37m
        â•µ [32m^[0m


[31mX [41;31m[[41;97mERROR[41;31m][0m [1mTS1127: Invalid character.[0m [1m[35m[plugin angular-compiler][0m

    node_modules/rxjs/dist/types/internal/observable/dom/animationFrames.d.ts:1:1:
[37m      1 â”‚ $[32m[37mï¿½ï¿½mï¿½ï¿½moï¿½Lï¿½Dï¿½ï¿½;ï¿½%gï¿½?wï¿½ï¿½Å·ï¿½ï¿½ï¿½ovH0ï¿½...
        â•µ  [32m^[0m


[31mX [41;31m[[41;97mERROR[41;31m][0m [1mTS1128: Declaration or statement expected.[0m [1m[35m[plugin angular-compiler][0m

    node_modules/rxjs/dist/types/internal/observable/dom/animationFrames.d.ts:1:2:
[37m      1 â”‚ $[32mï¿½ï¿½mï¿½ï¿½moï¿½Lï¿½Dï¿½ï¿½;ï¿½%gï¿½?wï¿½ï¿½Å·ï¿½ï¿½ï¿½ovH0ï¿½[37m...
        â•µ   [32m~~~~~~~~~~~~~~~~~~~~~~~~~~~~~~~~~~[0m


[31mX [41;31m[[41;97mERROR[41;31m][0m [1mTS1490: File appears to be binary.[0m [1m[35m[plugin angular-compiler][0m

    node_modules/rxjs/dist/types/internal/observable/merge.d.ts:0:0:
[37m      0 â”‚ [32m[37m
        â•µ [32m^[0m


[31mX [41;31m[[41;97mERROR[41;31m][0m [1mTS1127: Invalid character.[0m [1m[35m[plugin angular-compiler][0m

    node_modules/rxjs/dist/types/internal/observable/merge.d.ts:1:1:
[37m      1 â”‚ $[32m[37mï¿½ï¿½mï¿½ï¿½moï¿½Lï¿½Dï¿½ï¿½;ï¿½%gï¿½?wï¿½ï¿½Å·ï¿½ï¿½ï¿½ovH0ï¿½...
        â•µ  [32m^[0m


[31mX [41;31m[[41;97mERROR[41;31m][0m [1mTS1128: Declaration or statement expected.[0m [1m[35m[plugin angular-compiler][0m

    node_modules/rxjs/dist/types/internal/observable/merge.d.ts:1:2:
[37m      1 â”‚ $[32mï¿½ï¿½mï¿½ï¿½moï¿½Lï¿½Dï¿½ï¿½;ï¿½%gï¿½?wï¿½ï¿½Å·ï¿½ï¿½ï¿½ovH0ï¿½[37m...
        â•µ   [32m~~~~~~~~~~~~~~~~~~~~~~~~~~~~~~~~~~[0m


[31mX [41;31m[[41;97mERROR[41;31m][0m [1mTS1490: File appears to be binary.[0m [1m[35m[plugin angular-compiler][0m

    node_modules/rxjs/dist/types/internal/observable/never.d.ts:0:0:
[37m      0 â”‚ [32m[37m
        â•µ [32m^[0m


[31mX [41;31m[[41;97mERROR[41;31m][0m [1mTS1127: Invalid character.[0m [1m[35m[plugin angular-compiler][0m

    node_modules/rxjs/dist/types/internal/observable/never.d.ts:1:1:
[37m      1 â”‚ $[32m[37mï¿½ï¿½mï¿½ï¿½moï¿½Lï¿½Dï¿½ï¿½;ï¿½%gï¿½?wï¿½ï¿½Å·ï¿½ï¿½ï¿½ovH0ï¿½...
        â•µ  [32m^[0m


[31mX [41;31m[[41;97mERROR[41;31m][0m [1mTS1128: Declaration or statement expected.[0m [1m[35m[plugin angular-compiler][0m

    node_modules/rxjs/dist/types/internal/observable/never.d.ts:1:2:
[37m      1 â”‚ $[32mï¿½ï¿½mï¿½ï¿½moï¿½Lï¿½Dï¿½ï¿½;ï¿½%gï¿½?wï¿½ï¿½Å·ï¿½ï¿½ï¿½ovH0ï¿½[37m...
        â•µ   [32m~~~~~~~~~~~~~~~~~~~~~~~~~~~~~~~~~~[0m


[31mX [41;31m[[41;97mERROR[41;31m][0m [1mTS1490: File appears to be binary.[0m [1m[35m[plugin angular-compiler][0m

    node_modules/rxjs/dist/types/internal/observable/of.d.ts:0:0:
[37m      0 â”‚ [32m[37m
        â•µ [32m^[0m


[31mX [41;31m[[41;97mERROR[41;31m][0m [1mTS1127: Invalid character.[0m [1m[35m[plugin angular-compiler][0m

    node_modules/rxjs/dist/types/internal/observable/of.d.ts:1:1:
[37m      1 â”‚ $[32m[37mï¿½ï¿½mï¿½ï¿½moï¿½Lï¿½Dï¿½ï¿½;ï¿½%gï¿½?wï¿½ï¿½Å·ï¿½ï¿½ï¿½ovH0ï¿½...
        â•µ  [32m^[0m


[31mX [41;31m[[41;97mERROR[41;31m][0m [1mTS1128: Declaration or statement expected.[0m [1m[35m[plugin angular-compiler][0m

    node_modules/rxjs/dist/types/internal/observable/of.d.ts:1:2:
[37m      1 â”‚ $[32mï¿½ï¿½mï¿½ï¿½moï¿½Lï¿½Dï¿½ï¿½;ï¿½%gï¿½?wï¿½ï¿½Å·ï¿½ï¿½ï¿½ovH0ï¿½[37m...
        â•µ   [32m~~~~~~~~~~~~~~~~~~~~~~~~~~~~~~~~~~[0m


[31mX [41;31m[[41;97mERROR[41;31m][0m [1mTS1490: File appears to be binary.[0m [1m[35m[plugin angular-compiler][0m

    node_modules/rxjs/dist/types/internal/observable/pairs.d.ts:0:0:
[37m      0 â”‚ [32m[37m
        â•µ [32m^[0m


[31mX [41;31m[[41;97mERROR[41;31m][0m [1mTS1127: Invalid character.[0m [1m[35m[plugin angular-compiler][0m

    node_modules/rxjs/dist/types/internal/observable/pairs.d.ts:1:1:
[37m      1 â”‚ $[32m[37mï¿½ï¿½mï¿½ï¿½moï¿½Lï¿½Dï¿½ï¿½;ï¿½%gï¿½?wï¿½ï¿½Å·ï¿½ï¿½ï¿½ovH0ï¿½...
        â•µ  [32m^[0m


[31mX [41;31m[[41;97mERROR[41;31m][0m [1mTS1128: Declaration or statement expected.[0m [1m[35m[plugin angular-compiler][0m

    node_modules/rxjs/dist/types/internal/observable/pairs.d.ts:1:2:
[37m      1 â”‚ $[32mï¿½ï¿½mï¿½ï¿½moï¿½Lï¿½Dï¿½ï¿½;ï¿½%gï¿½?wï¿½ï¿½Å·ï¿½ï¿½ï¿½ovH0ï¿½[37m...
        â•µ   [32m~~~~~~~~~~~~~~~~~~~~~~~~~~~~~~~~~~[0m


[31mX [41;31m[[41;97mERROR[41;31m][0m [1mTS1490: File appears to be binary.[0m [1m[35m[plugin angular-compiler][0m

    node_modules/rxjs/dist/types/internal/observable/partition.d.ts:0:0:
[37m      0 â”‚ [32m[37m
        â•µ [32m^[0m


[31mX [41;31m[[41;97mERROR[41;31m][0m [1mTS1127: Invalid character.[0m [1m[35m[plugin angular-compiler][0m

    node_modules/rxjs/dist/types/internal/observable/partition.d.ts:1:1:
[37m      1 â”‚ $[32m[37mï¿½ï¿½mï¿½ï¿½moï¿½Lï¿½Dï¿½ï¿½;ï¿½%gï¿½?wï¿½ï¿½Å·ï¿½ï¿½ï¿½ovH0ï¿½...
        â•µ  [32m^[0m


[31mX [41;31m[[41;97mERROR[41;31m][0m [1mTS1128: Declaration or statement expected.[0m [1m[35m[plugin angular-compiler][0m

    node_modules/rxjs/dist/types/internal/observable/partition.d.ts:1:2:
[37m      1 â”‚ $[32mï¿½ï¿½mï¿½ï¿½moï¿½Lï¿½Dï¿½ï¿½;ï¿½%gï¿½?wï¿½ï¿½Å·ï¿½ï¿½ï¿½ovH0ï¿½[37m...
        â•µ   [32m~~~~~~~~~~~~~~~~~~~~~~~~~~~~~~~~~~[0m


[31mX [41;31m[[41;97mERROR[41;31m][0m [1mTS1490: File appears to be binary.[0m [1m[35m[plugin angular-compiler][0m

    node_modules/rxjs/dist/types/internal/observable/throwError.d.ts:0:0:
[37m      0 â”‚ [32m[37m
        â•µ [32m^[0m


[31mX [41;31m[[41;97mERROR[41;31m][0m [1mTS1127: Invalid character.[0m [1m[35m[plugin angular-compiler][0m

    node_modules/rxjs/dist/types/internal/observable/throwError.d.ts:1:1:
[37m      1 â”‚ $[32m[37mï¿½ï¿½mï¿½ï¿½moï¿½Lï¿½Dï¿½ï¿½;ï¿½%gï¿½?wï¿½ï¿½Å·ï¿½ï¿½ï¿½ovH0ï¿½...
        â•µ  [32m^[0m


[31mX [41;31m[[41;97mERROR[41;31m][0m [1mTS1128: Declaration or statement expected.[0m [1m[35m[plugin angular-compiler][0m

    node_modules/rxjs/dist/types/internal/observable/throwError.d.ts:1:2:
[37m      1 â”‚ $[32mï¿½ï¿½mï¿½ï¿½moï¿½Lï¿½Dï¿½ï¿½;ï¿½%gï¿½?wï¿½ï¿½Å·ï¿½ï¿½ï¿½ovH0ï¿½[37m...
        â•µ   [32m~~~~~~~~~~~~~~~~~~~~~~~~~~~~~~~~~~[0m


[31mX [41;31m[[41;97mERROR[41;31m][0m [1mTS1490: File appears to be binary.[0m [1m[35m[plugin angular-compiler][0m

    node_modules/rxjs/dist/types/internal/observable/timer.d.ts:0:0:
[37m      0 â”‚ [32m[37m
        â•µ [32m^[0m


[31mX [41;31m[[41;97mERROR[41;31m][0m [1mTS1127: Invalid character.[0m [1m[35m[plugin angular-compiler][0m

    node_modules/rxjs/dist/types/internal/observable/timer.d.ts:1:1:
[37m      1 â”‚ $[32m[37mï¿½ï¿½mï¿½ï¿½moï¿½Lï¿½Dï¿½ï¿½;ï¿½%gï¿½?wï¿½ï¿½Å·ï¿½ï¿½ï¿½ovH0ï¿½...
        â•µ  [32m^[0m


[31mX [41;31m[[41;97mERROR[41;31m][0m [1mTS1128: Declaration or statement expected.[0m [1m[35m[plugin angular-compiler][0m

    node_modules/rxjs/dist/types/internal/observable/timer.d.ts:1:2:
[37m      1 â”‚ $[32mï¿½ï¿½mï¿½ï¿½moï¿½Lï¿½Dï¿½ï¿½;ï¿½%gï¿½?wï¿½ï¿½Å·ï¿½ï¿½ï¿½ovH0ï¿½[37m...
        â•µ   [32m~~~~~~~~~~~~~~~~~~~~~~~~~~~~~~~~~~[0m


[31mX [41;31m[[41;97mERROR[41;31m][0m [1mTS1490: File appears to be binary.[0m [1m[35m[plugin angular-compiler][0m

    node_modules/rxjs/dist/types/internal/observable/using.d.ts:0:0:
[37m      0 â”‚ [32m[37m
        â•µ [32m^[0m


[31mX [41;31m[[41;97mERROR[41;31m][0m [1mTS1127: Invalid character.[0m [1m[35m[plugin angular-compiler][0m

    node_modules/rxjs/dist/types/internal/observable/using.d.ts:1:1:
[37m      1 â”‚ $[32m[37mï¿½ï¿½mï¿½ï¿½moï¿½Lï¿½Dï¿½ï¿½;ï¿½%gï¿½?wï¿½ï¿½Å·ï¿½ï¿½ï¿½ovH0ï¿½...
        â•µ  [32m^[0m


[31mX [41;31m[[41;97mERROR[41;31m][0m [1mTS1128: Declaration or statement expected.[0m [1m[35m[plugin angular-compiler][0m

    node_modules/rxjs/dist/types/internal/observable/using.d.ts:1:2:
[37m      1 â”‚ $[32mï¿½ï¿½mï¿½ï¿½moï¿½Lï¿½Dï¿½ï¿½;ï¿½%gï¿½?wï¿½ï¿½Å·ï¿½ï¿½ï¿½ovH0ï¿½[37m...
        â•µ   [32m~~~~~~~~~~~~~~~~~~~~~~~~~~~~~~~~~~[0m


[31mX [41;31m[[41;97mERROR[41;31m][0m [1mTS1490: File appears to be binary.[0m [1m[35m[plugin angular-compiler][0m

    node_modules/rxjs/dist/types/internal/operators/audit.d.ts:0:0:
[37m      0 â”‚ [32m[37m
        â•µ [32m^[0m


[31mX [41;31m[[41;97mERROR[41;31m][0m [1mTS1127: Invalid character.[0m [1m[35m[plugin angular-compiler][0m

    node_modules/rxjs/dist/types/internal/operators/audit.d.ts:1:1:
[37m      1 â”‚ $[32m[37mï¿½ï¿½mï¿½ï¿½moï¿½Lï¿½Dï¿½ï¿½;ï¿½%gï¿½?wï¿½ï¿½Å·ï¿½ï¿½ï¿½ovH0ï¿½...
        â•µ  [32m^[0m


[31mX [41;31m[[41;97mERROR[41;31m][0m [1mTS1128: Declaration or statement expected.[0m [1m[35m[plugin angular-compiler][0m

    node_modules/rxjs/dist/types/internal/operators/audit.d.ts:1:2:
[37m      1 â”‚ $[32mï¿½ï¿½mï¿½ï¿½moï¿½Lï¿½Dï¿½ï¿½;ï¿½%gï¿½?wï¿½ï¿½Å·ï¿½ï¿½ï¿½ovH0ï¿½[37m...
        â•µ   [32m~~~~~~~~~~~~~~~~~~~~~~~~~~~~~~~~~~[0m


[31mX [41;31m[[41;97mERROR[41;31m][0m [1mTS1490: File appears to be binary.[0m [1m[35m[plugin angular-compiler][0m

    node_modules/rxjs/dist/types/internal/operators/auditTime.d.ts:0:0:
[37m      0 â”‚ [32m[37m
        â•µ [32m^[0m


[31mX [41;31m[[41;97mERROR[41;31m][0m [1mTS1127: Invalid character.[0m [1m[35m[plugin angular-compiler][0m

    node_modules/rxjs/dist/types/internal/operators/auditTime.d.ts:1:1:
[37m      1 â”‚ $[32m[37mï¿½ï¿½mï¿½ï¿½moï¿½Lï¿½Dï¿½ï¿½;ï¿½%gï¿½?wï¿½ï¿½Å·ï¿½ï¿½ï¿½ovH0ï¿½...
        â•µ  [32m^[0m


[31mX [41;31m[[41;97mERROR[41;31m][0m [1mTS1128: Declaration or statement expected.[0m [1m[35m[plugin angular-compiler][0m

    node_modules/rxjs/dist/types/internal/operators/auditTime.d.ts:1:2:
[37m      1 â”‚ $[32mï¿½ï¿½mï¿½ï¿½moï¿½Lï¿½Dï¿½ï¿½;ï¿½%gï¿½?wï¿½ï¿½Å·ï¿½ï¿½ï¿½ovH0ï¿½[37m...
        â•µ   [32m~~~~~~~~~~~~~~~~~~~~~~~~~~~~~~~~~~[0m


[31mX [41;31m[[41;97mERROR[41;31m][0m [1mTS1490: File appears to be binary.[0m [1m[35m[plugin angular-compiler][0m

    node_modules/rxjs/dist/types/internal/operators/buffer.d.ts:0:0:
[37m      0 â”‚ [32m[37m
        â•µ [32m^[0m


[31mX [41;31m[[41;97mERROR[41;31m][0m [1mTS1127: Invalid character.[0m [1m[35m[plugin angular-compiler][0m

    node_modules/rxjs/dist/types/internal/operators/buffer.d.ts:1:1:
[37m      1 â”‚ $[32m[37mï¿½ï¿½mï¿½ï¿½moï¿½Lï¿½Dï¿½ï¿½;ï¿½%gï¿½?wï¿½ï¿½Å·ï¿½ï¿½ï¿½ovH0ï¿½...
        â•µ  [32m^[0m


[31mX [41;31m[[41;97mERROR[41;31m][0m [1mTS1128: Declaration or statement expected.[0m [1m[35m[plugin angular-compiler][0m

    node_modules/rxjs/dist/types/internal/operators/buffer.d.ts:1:2:
[37m      1 â”‚ $[32mï¿½ï¿½mï¿½ï¿½moï¿½Lï¿½Dï¿½ï¿½;ï¿½%gï¿½?wï¿½ï¿½Å·ï¿½ï¿½ï¿½ovH0ï¿½[37m...
        â•µ   [32m~~~~~~~~~~~~~~~~~~~~~~~~~~~~~~~~~~[0m


[31mX [41;31m[[41;97mERROR[41;31m][0m [1mTS1490: File appears to be binary.[0m [1m[35m[plugin angular-compiler][0m

    node_modules/rxjs/dist/types/internal/operators/bufferCount.d.ts:0:0:
[37m      0 â”‚ [32m[37m
        â•µ [32m^[0m


[31mX [41;31m[[41;97mERROR[41;31m][0m [1mTS1127: Invalid character.[0m [1m[35m[plugin angular-compiler][0m

    node_modules/rxjs/dist/types/internal/operators/bufferCount.d.ts:1:1:
[37m      1 â”‚ $[32m[37mï¿½ï¿½mï¿½ï¿½moï¿½Lï¿½Dï¿½ï¿½;ï¿½%gï¿½?wï¿½ï¿½Å·ï¿½ï¿½ï¿½ovH0ï¿½...
        â•µ  [32m^[0m


[31mX [41;31m[[41;97mERROR[41;31m][0m [1mTS1128: Declaration or statement expected.[0m [1m[35m[plugin angular-compiler][0m

    node_modules/rxjs/dist/types/internal/operators/bufferCount.d.ts:1:2:
[37m      1 â”‚ $[32mï¿½ï¿½mï¿½ï¿½moï¿½Lï¿½Dï¿½ï¿½;ï¿½%gï¿½?wï¿½ï¿½Å·ï¿½ï¿½ï¿½ovH0ï¿½[37m...
        â•µ   [32m~~~~~~~~~~~~~~~~~~~~~~~~~~~~~~~~~~[0m


[31mX [41;31m[[41;97mERROR[41;31m][0m [1mTS1490: File appears to be binary.[0m [1m[35m[plugin angular-compiler][0m

    node_modules/rxjs/dist/types/internal/operators/bufferToggle.d.ts:0:0:
[37m      0 â”‚ [32m[37m
        â•µ [32m^[0m


[31mX [41;31m[[41;97mERROR[41;31m][0m [1mTS1127: Invalid character.[0m [1m[35m[plugin angular-compiler][0m

    node_modules/rxjs/dist/types/internal/operators/bufferToggle.d.ts:1:1:
[37m      1 â”‚ $[32m[37mï¿½ï¿½mï¿½ï¿½moï¿½Lï¿½Dï¿½ï¿½;ï¿½%gï¿½?wï¿½ï¿½Å·ï¿½ï¿½ï¿½ovH0ï¿½...
        â•µ  [32m^[0m


[31mX [41;31m[[41;97mERROR[41;31m][0m [1mTS1128: Declaration or statement expected.[0m [1m[35m[plugin angular-compiler][0m

    node_modules/rxjs/dist/types/internal/operators/bufferToggle.d.ts:1:2:
[37m      1 â”‚ $[32mï¿½ï¿½mï¿½ï¿½moï¿½Lï¿½Dï¿½ï¿½;ï¿½%gï¿½?wï¿½ï¿½Å·ï¿½ï¿½ï¿½ovH0ï¿½[37m...
        â•µ   [32m~~~~~~~~~~~~~~~~~~~~~~~~~~~~~~~~~~[0m


[31mX [41;31m[[41;97mERROR[41;31m][0m [1mTS1490: File appears to be binary.[0m [1m[35m[plugin angular-compiler][0m

    node_modules/rxjs/dist/types/internal/operators/bufferWhen.d.ts:0:0:
[37m      0 â”‚ [32m[37m
        â•µ [32m^[0m


[31mX [41;31m[[41;97mERROR[41;31m][0m [1mTS1127: Invalid character.[0m [1m[35m[plugin angular-compiler][0m

    node_modules/rxjs/dist/types/internal/operators/bufferWhen.d.ts:1:1:
[37m      1 â”‚ $[32m[37mï¿½ï¿½mï¿½ï¿½moï¿½Lï¿½Dï¿½ï¿½;ï¿½%gï¿½?wï¿½ï¿½Å·ï¿½ï¿½ï¿½ovH0ï¿½...
        â•µ  [32m^[0m


[31mX [41;31m[[41;97mERROR[41;31m][0m [1mTS1128: Declaration or statement expected.[0m [1m[35m[plugin angular-compiler][0m

    node_modules/rxjs/dist/types/internal/operators/bufferWhen.d.ts:1:2:
[37m      1 â”‚ $[32mï¿½ï¿½mï¿½ï¿½moï¿½Lï¿½Dï¿½ï¿½;ï¿½%gï¿½?wï¿½ï¿½Å·ï¿½ï¿½ï¿½ovH0ï¿½[37m...
        â•µ   [32m~~~~~~~~~~~~~~~~~~~~~~~~~~~~~~~~~~[0m


[31mX [41;31m[[41;97mERROR[41;31m][0m [1mTS1490: File appears to be binary.[0m [1m[35m[plugin angular-compiler][0m

    node_modules/rxjs/dist/types/internal/operators/combineLatest.d.ts:0:0:
[37m      0 â”‚ [32m[37m
        â•µ [32m^[0m


[31mX [41;31m[[41;97mERROR[41;31m][0m [1mTS1127: Invalid character.[0m [1m[35m[plugin angular-compiler][0m

    node_modules/rxjs/dist/types/internal/operators/combineLatest.d.ts:1:1:
[37m      1 â”‚ $[32m[37mï¿½ï¿½mï¿½ï¿½moï¿½Lï¿½Dï¿½ï¿½;ï¿½%gï¿½?wï¿½ï¿½Å·ï¿½ï¿½ï¿½ovH0ï¿½...
        â•µ  [32m^[0m


[31mX [41;31m[[41;97mERROR[41;31m][0m [1mTS1128: Declaration or statement expected.[0m [1m[35m[plugin angular-compiler][0m

    node_modules/rxjs/dist/types/internal/operators/combineLatest.d.ts:1:2:
[37m      1 â”‚ $[32mï¿½ï¿½mï¿½ï¿½moï¿½Lï¿½Dï¿½ï¿½;ï¿½%gï¿½?wï¿½ï¿½Å·ï¿½ï¿½ï¿½ovH0ï¿½[37m...
        â•µ   [32m~~~~~~~~~~~~~~~~~~~~~~~~~~~~~~~~~~[0m


[31mX [41;31m[[41;97mERROR[41;31m][0m [1mTS1490: File appears to be binary.[0m [1m[35m[plugin angular-compiler][0m

    node_modules/rxjs/dist/types/internal/operators/combineLatestWith.d.ts:0:0:
[37m      0 â”‚ [32m[37m
        â•µ [32m^[0m


[31mX [41;31m[[41;97mERROR[41;31m][0m [1mTS1127: Invalid character.[0m [1m[35m[plugin angular-compiler][0m

    node_modules/rxjs/dist/types/internal/operators/combineLatestWith.d.ts:1:1:
[37m      1 â”‚ $[32m[37mï¿½ï¿½mï¿½ï¿½moï¿½Lï¿½Dï¿½ï¿½;ï¿½%gï¿½?wï¿½ï¿½Å·ï¿½ï¿½ï¿½ovH0ï¿½...
        â•µ  [32m^[0m


[31mX [41;31m[[41;97mERROR[41;31m][0m [1mTS1128: Declaration or statement expected.[0m [1m[35m[plugin angular-compiler][0m

    node_modules/rxjs/dist/types/internal/operators/combineLatestWith.d.ts:1:2:
[37m      1 â”‚ $[32mï¿½ï¿½mï¿½ï¿½moï¿½Lï¿½Dï¿½ï¿½;ï¿½%gï¿½?wï¿½ï¿½Å·ï¿½ï¿½ï¿½ovH0ï¿½[37m...
        â•µ   [32m~~~~~~~~~~~~~~~~~~~~~~~~~~~~~~~~~~[0m


[31mX [41;31m[[41;97mERROR[41;31m][0m [1mTS1490: File appears to be binary.[0m [1m[35m[plugin angular-compiler][0m

    node_modules/rxjs/dist/types/internal/operators/concatAll.d.ts:0:0:
[37m      0 â”‚ [32m[37m
        â•µ [32m^[0m


[31mX [41;31m[[41;97mERROR[41;31m][0m [1mTS1127: Invalid character.[0m [1m[35m[plugin angular-compiler][0m

    node_modules/rxjs/dist/types/internal/operators/concatAll.d.ts:1:1:
[37m      1 â”‚ $[32m[37mï¿½ï¿½mï¿½ï¿½moï¿½Lï¿½Dï¿½ï¿½;ï¿½%gï¿½?wï¿½ï¿½Å·ï¿½ï¿½ï¿½ovH0ï¿½...
        â•µ  [32m^[0m


[31mX [41;31m[[41;97mERROR[41;31m][0m [1mTS1128: Declaration or statement expected.[0m [1m[35m[plugin angular-compiler][0m

    node_modules/rxjs/dist/types/internal/operators/concatAll.d.ts:1:2:
[37m      1 â”‚ $[32mï¿½ï¿½mï¿½ï¿½moï¿½Lï¿½Dï¿½ï¿½;ï¿½%gï¿½?wï¿½ï¿½Å·ï¿½ï¿½ï¿½ovH0ï¿½[37m...
        â•µ   [32m~~~~~~~~~~~~~~~~~~~~~~~~~~~~~~~~~~[0m


[31mX [41;31m[[41;97mERROR[41;31m][0m [1mTS1490: File appears to be binary.[0m [1m[35m[plugin angular-compiler][0m

    node_modules/rxjs/dist/types/internal/operators/concatMap.d.ts:0:0:
[37m      0 â”‚ [32m[37m
        â•µ [32m^[0m


[31mX [41;31m[[41;97mERROR[41;31m][0m [1mTS1127: Invalid character.[0m [1m[35m[plugin angular-compiler][0m

    node_modules/rxjs/dist/types/internal/operators/concatMap.d.ts:1:1:
[37m      1 â”‚ $[32m[37mï¿½ï¿½mï¿½ï¿½moï¿½Lï¿½Dï¿½ï¿½;ï¿½%gï¿½?wï¿½ï¿½Å·ï¿½ï¿½ï¿½ovH0ï¿½...
        â•µ  [32m^[0m


[31mX [41;31m[[41;97mERROR[41;31m][0m [1mTS1128: Declaration or statement expected.[0m [1m[35m[plugin angular-compiler][0m

    node_modules/rxjs/dist/types/internal/operators/concatMap.d.ts:1:2:
[37m      1 â”‚ $[32mï¿½ï¿½mï¿½ï¿½moï¿½Lï¿½Dï¿½ï¿½;ï¿½%gï¿½?wï¿½ï¿½Å·ï¿½ï¿½ï¿½ovH0ï¿½[37m...
        â•µ   [32m~~~~~~~~~~~~~~~~~~~~~~~~~~~~~~~~~~[0m


[31mX [41;31m[[41;97mERROR[41;31m][0m [1mTS1490: File appears to be binary.[0m [1m[35m[plugin angular-compiler][0m

    node_modules/rxjs/dist/types/internal/operators/concatMapTo.d.ts:0:0:
[37m      0 â”‚ [32m[37m
        â•µ [32m^[0m


[31mX [41;31m[[41;97mERROR[41;31m][0m [1mTS1127: Invalid character.[0m [1m[35m[plugin angular-compiler][0m

    node_modules/rxjs/dist/types/internal/operators/concatMapTo.d.ts:1:1:
[37m      1 â”‚ $[32m[37mï¿½ï¿½mï¿½ï¿½moï¿½Lï¿½Dï¿½ï¿½;ï¿½%gï¿½?wï¿½ï¿½Å·ï¿½ï¿½ï¿½ovH0ï¿½...
        â•µ  [32m^[0m


[31mX [41;31m[[41;97mERROR[41;31m][0m [1mTS1128: Declaration or statement expected.[0m [1m[35m[plugin angular-compiler][0m

    node_modules/rxjs/dist/types/internal/operators/concatMapTo.d.ts:1:2:
[37m      1 â”‚ $[32mï¿½ï¿½mï¿½ï¿½moï¿½Lï¿½Dï¿½ï¿½;ï¿½%gï¿½?wï¿½ï¿½Å·ï¿½ï¿½ï¿½ovH0ï¿½[37m...
        â•µ   [32m~~~~~~~~~~~~~~~~~~~~~~~~~~~~~~~~~~[0m


[31mX [41;31m[[41;97mERROR[41;31m][0m [1mTS1490: File appears to be binary.[0m [1m[35m[plugin angular-compiler][0m

    node_modules/rxjs/dist/types/internal/operators/concatWith.d.ts:0:0:
[37m      0 â”‚ [32m[37m
        â•µ [32m^[0m


[31mX [41;31m[[41;97mERROR[41;31m][0m [1mTS1127: Invalid character.[0m [1m[35m[plugin angular-compiler][0m

    node_modules/rxjs/dist/types/internal/operators/concatWith.d.ts:1:1:
[37m      1 â”‚ $[32m[37mï¿½ï¿½mï¿½ï¿½moï¿½Lï¿½Dï¿½ï¿½;ï¿½%gï¿½?wï¿½ï¿½Å·ï¿½ï¿½ï¿½ovH0ï¿½...
        â•µ  [32m^[0m


[31mX [41;31m[[41;97mERROR[41;31m][0m [1mTS1128: Declaration or statement expected.[0m [1m[35m[plugin angular-compiler][0m

    node_modules/rxjs/dist/types/internal/operators/concatWith.d.ts:1:2:
[37m      1 â”‚ $[32mï¿½ï¿½mï¿½ï¿½moï¿½Lï¿½Dï¿½ï¿½;ï¿½%gï¿½?wï¿½ï¿½Å·ï¿½ï¿½ï¿½ovH0ï¿½[37m...
        â•µ   [32m~~~~~~~~~~~~~~~~~~~~~~~~~~~~~~~~~~[0m


[31mX [41;31m[[41;97mERROR[41;31m][0m [1mTS1490: File appears to be binary.[0m [1m[35m[plugin angular-compiler][0m

    node_modules/rxjs/dist/types/internal/operators/connect.d.ts:0:0:
[37m      0 â”‚ [32m[37m
        â•µ [32m^[0m


[31mX [41;31m[[41;97mERROR[41;31m][0m [1mTS1127: Invalid character.[0m [1m[35m[plugin angular-compiler][0m

    node_modules/rxjs/dist/types/internal/operators/connect.d.ts:1:1:
[37m      1 â”‚ $[32m[37mï¿½ï¿½mï¿½ï¿½moï¿½Lï¿½Dï¿½ï¿½;ï¿½%gï¿½?wï¿½ï¿½Å·ï¿½ï¿½ï¿½ovH0ï¿½...
        â•µ  [32m^[0m


[31mX [41;31m[[41;97mERROR[41;31m][0m [1mTS1128: Declaration or statement expected.[0m [1m[35m[plugin angular-compiler][0m

    node_modules/rxjs/dist/types/internal/operators/connect.d.ts:1:2:
[37m      1 â”‚ $[32mï¿½ï¿½mï¿½ï¿½moï¿½Lï¿½Dï¿½ï¿½;ï¿½%gï¿½?wï¿½ï¿½Å·ï¿½ï¿½ï¿½ovH0ï¿½[37m...
        â•µ   [32m~~~~~~~~~~~~~~~~~~~~~~~~~~~~~~~~~~[0m


[31mX [41;31m[[41;97mERROR[41;31m][0m [1mTS1490: File appears to be binary.[0m [1m[35m[plugin angular-compiler][0m

    node_modules/rxjs/dist/types/internal/operators/count.d.ts:0:0:
[37m      0 â”‚ [32m[37m
        â•µ [32m^[0m


[31mX [41;31m[[41;97mERROR[41;31m][0m [1mTS1127: Invalid character.[0m [1m[35m[plugin angular-compiler][0m

    node_modules/rxjs/dist/types/internal/operators/count.d.ts:1:1:
[37m      1 â”‚ $[32m[37mï¿½ï¿½mï¿½ï¿½moï¿½Lï¿½Dï¿½ï¿½;ï¿½%gï¿½?wï¿½ï¿½Å·ï¿½ï¿½ï¿½ovH0ï¿½...
        â•µ  [32m^[0m


[31mX [41;31m[[41;97mERROR[41;31m][0m [1mTS1128: Declaration or statement expected.[0m [1m[35m[plugin angular-compiler][0m

    node_modules/rxjs/dist/types/internal/operators/count.d.ts:1:2:
[37m      1 â”‚ $[32mï¿½ï¿½mï¿½ï¿½moï¿½Lï¿½Dï¿½ï¿½;ï¿½%gï¿½?wï¿½ï¿½Å·ï¿½ï¿½ï¿½ovH0ï¿½[37m...
        â•µ   [32m~~~~~~~~~~~~~~~~~~~~~~~~~~~~~~~~~~[0m


[31mX [41;31m[[41;97mERROR[41;31m][0m [1mTS1490: File appears to be binary.[0m [1m[35m[plugin angular-compiler][0m

    node_modules/rxjs/dist/types/internal/operators/last.d.ts:0:0:
[37m      0 â”‚ [32m[37m
        â•µ [32m^[0m


[31mX [41;31m[[41;97mERROR[41;31m][0m [1mTS1127: Invalid character.[0m [1m[35m[plugin angular-compiler][0m

    node_modules/rxjs/dist/types/internal/operators/last.d.ts:1:1:
[37m      1 â”‚ $[32m[37mï¿½ï¿½mï¿½ï¿½moï¿½Lï¿½Dï¿½ï¿½;ï¿½%gï¿½?wï¿½ï¿½Å·ï¿½ï¿½ï¿½ovH0ï¿½...
        â•µ  [32m^[0m


[31mX [41;31m[[41;97mERROR[41;31m][0m [1mTS1128: Declaration or statement expected.[0m [1m[35m[plugin angular-compiler][0m

    node_modules/rxjs/dist/types/internal/operators/last.d.ts:1:2:
[37m      1 â”‚ $[32mï¿½ï¿½mï¿½ï¿½moï¿½Lï¿½Dï¿½ï¿½;ï¿½%gï¿½?wï¿½ï¿½Å·ï¿½ï¿½ï¿½ovH0ï¿½[37m...
        â•µ   [32m~~~~~~~~~~~~~~~~~~~~~~~~~~~~~~~~~~[0m


[31mX [41;31m[[41;97mERROR[41;31m][0m [1mTS1490: File appears to be binary.[0m [1m[35m[plugin angular-compiler][0m

    node_modules/rxjs/dist/types/internal/operators/materialize.d.ts:0:0:
[37m      0 â”‚ [32m[37m
        â•µ [32m^[0m


[31mX [41;31m[[41;97mERROR[41;31m][0m [1mTS1127: Invalid character.[0m [1m[35m[plugin angular-compiler][0m

    node_modules/rxjs/dist/types/internal/operators/materialize.d.ts:1:1:
[37m      1 â”‚ $[32m[37mï¿½ï¿½mï¿½ï¿½moï¿½Lï¿½Dï¿½ï¿½;ï¿½%gï¿½?wï¿½ï¿½Å·ï¿½ï¿½ï¿½ovH0ï¿½...
        â•µ  [32m^[0m


[31mX [41;31m[[41;97mERROR[41;31m][0m [1mTS1128: Declaration or statement expected.[0m [1m[35m[plugin angular-compiler][0m

    node_modules/rxjs/dist/types/internal/operators/materialize.d.ts:1:2:
[37m      1 â”‚ $[32mï¿½ï¿½mï¿½ï¿½moï¿½Lï¿½Dï¿½ï¿½;ï¿½%gï¿½?wï¿½ï¿½Å·ï¿½ï¿½ï¿½ovH0ï¿½[37m...
        â•µ   [32m~~~~~~~~~~~~~~~~~~~~~~~~~~~~~~~~~~[0m


[31mX [41;31m[[41;97mERROR[41;31m][0m [1mTS1490: File appears to be binary.[0m [1m[35m[plugin angular-compiler][0m

    node_modules/rxjs/dist/types/internal/operators/max.d.ts:0:0:
[37m      0 â”‚ [32m[37m
        â•µ [32m^[0m


[31mX [41;31m[[41;97mERROR[41;31m][0m [1mTS1127: Invalid character.[0m [1m[35m[plugin angular-compiler][0m

    node_modules/rxjs/dist/types/internal/operators/max.d.ts:1:1:
[37m      1 â”‚ $[32m[37mï¿½ï¿½mï¿½ï¿½moï¿½Lï¿½Dï¿½ï¿½;ï¿½%gï¿½?wï¿½ï¿½Å·ï¿½ï¿½ï¿½ovH0ï¿½...
        â•µ  [32m^[0m


[31mX [41;31m[[41;97mERROR[41;31m][0m [1mTS1128: Declaration or statement expected.[0m [1m[35m[plugin angular-compiler][0m

    node_modules/rxjs/dist/types/internal/operators/max.d.ts:1:2:
[37m      1 â”‚ $[32mï¿½ï¿½mï¿½ï¿½moï¿½Lï¿½Dï¿½ï¿½;ï¿½%gï¿½?wï¿½ï¿½Å·ï¿½ï¿½ï¿½ovH0ï¿½[37m...
        â•µ   [32m~~~~~~~~~~~~~~~~~~~~~~~~~~~~~~~~~~[0m


[31mX [41;31m[[41;97mERROR[41;31m][0m [1mTS1490: File appears to be binary.[0m [1m[35m[plugin angular-compiler][0m

    node_modules/rxjs/dist/types/internal/operators/merge.d.ts:0:0:
[37m      0 â”‚ [32m[37m
        â•µ [32m^[0m


[31mX [41;31m[[41;97mERROR[41;31m][0m [1mTS1127: Invalid character.[0m [1m[35m[plugin angular-compiler][0m

    node_modules/rxjs/dist/types/internal/operators/merge.d.ts:1:1:
[37m      1 â”‚ $[32m[37mï¿½ï¿½mï¿½ï¿½moï¿½Lï¿½Dï¿½ï¿½;ï¿½%gï¿½?wï¿½ï¿½Å·ï¿½ï¿½ï¿½ovH0ï¿½...
        â•µ  [32m^[0m


[31mX [41;31m[[41;97mERROR[41;31m][0m [1mTS1128: Declaration or statement expected.[0m [1m[35m[plugin angular-compiler][0m

    node_modules/rxjs/dist/types/internal/operators/merge.d.ts:1:2:
[37m      1 â”‚ $[32mï¿½ï¿½mï¿½ï¿½moï¿½Lï¿½Dï¿½ï¿½;ï¿½%gï¿½?wï¿½ï¿½Å·ï¿½ï¿½ï¿½ovH0ï¿½[37m...
        â•µ   [32m~~~~~~~~~~~~~~~~~~~~~~~~~~~~~~~~~~[0m


[31mX [41;31m[[41;97mERROR[41;31m][0m [1mTS1490: File appears to be binary.[0m [1m[35m[plugin angular-compiler][0m

    node_modules/rxjs/dist/types/internal/operators/mergeAll.d.ts:0:0:
[37m      0 â”‚ [32m[37m
        â•µ [32m^[0m


[31mX [41;31m[[41;97mERROR[41;31m][0m [1mTS1127: Invalid character.[0m [1m[35m[plugin angular-compiler][0m

    node_modules/rxjs/dist/types/internal/operators/mergeAll.d.ts:1:1:
[37m      1 â”‚ $[32m[37mï¿½ï¿½mï¿½ï¿½moï¿½Lï¿½Dï¿½ï¿½;ï¿½%gï¿½?wï¿½ï¿½Å·ï¿½ï¿½ï¿½ovH0ï¿½...
        â•µ  [32m^[0m


[31mX [41;31m[[41;97mERROR[41;31m][0m [1mTS1128: Declaration or statement expected.[0m [1m[35m[plugin angular-compiler][0m

    node_modules/rxjs/dist/types/internal/operators/mergeAll.d.ts:1:2:
[37m      1 â”‚ $[32mï¿½ï¿½mï¿½ï¿½moï¿½Lï¿½Dï¿½ï¿½;ï¿½%gï¿½?wï¿½ï¿½Å·ï¿½ï¿½ï¿½ovH0ï¿½[37m...
        â•µ   [32m~~~~~~~~~~~~~~~~~~~~~~~~~~~~~~~~~~[0m


[31mX [41;31m[[41;97mERROR[41;31m][0m [1mTS1490: File appears to be binary.[0m [1m[35m[plugin angular-compiler][0m

    node_modules/rxjs/dist/types/internal/operators/mergeMap.d.ts:0:0:
[37m      0 â”‚ [32m[37m
        â•µ [32m^[0m


[31mX [41;31m[[41;97mERROR[41;31m][0m [1mTS1127: Invalid character.[0m [1m[35m[plugin angular-compiler][0m

    node_modules/rxjs/dist/types/internal/operators/mergeMap.d.ts:1:1:
[37m      1 â”‚ $[32m[37mï¿½ï¿½mï¿½ï¿½moï¿½Lï¿½Dï¿½ï¿½;ï¿½%gï¿½?wï¿½ï¿½Å·ï¿½ï¿½ï¿½ovH0ï¿½...
        â•µ  [32m^[0m


[31mX [41;31m[[41;97mERROR[41;31m][0m [1mTS1128: Declaration or statement expected.[0m [1m[35m[plugin angular-compiler][0m

    node_modules/rxjs/dist/types/internal/operators/mergeMap.d.ts:1:2:
[37m      1 â”‚ $[32mï¿½ï¿½mï¿½ï¿½moï¿½Lï¿½Dï¿½ï¿½;ï¿½%gï¿½?wï¿½ï¿½Å·ï¿½ï¿½ï¿½ovH0ï¿½[37m...
        â•µ   [32m~~~~~~~~~~~~~~~~~~~~~~~~~~~~~~~~~~[0m


[31mX [41;31m[[41;97mERROR[41;31m][0m [1mTS1490: File appears to be binary.[0m [1m[35m[plugin angular-compiler][0m

    node_modules/rxjs/dist/types/internal/operators/mergeMapTo.d.ts:0:0:
[37m      0 â”‚ [32m[37m
        â•µ [32m^[0m


[31mX [41;31m[[41;97mERROR[41;31m][0m [1mTS1127: Invalid character.[0m [1m[35m[plugin angular-compiler][0m

    node_modules/rxjs/dist/types/internal/operators/mergeMapTo.d.ts:1:1:
[37m      1 â”‚ $[32m[37mï¿½ï¿½mï¿½ï¿½moï¿½Lï¿½Dï¿½ï¿½;ï¿½%gï¿½?wï¿½ï¿½Å·ï¿½ï¿½ï¿½ovH0ï¿½...
        â•µ  [32m^[0m


[31mX [41;31m[[41;97mERROR[41;31m][0m [1mTS1128: Declaration or statement expected.[0m [1m[35m[plugin angular-compiler][0m

    node_modules/rxjs/dist/types/internal/operators/mergeMapTo.d.ts:1:2:
[37m      1 â”‚ $[32mï¿½ï¿½mï¿½ï¿½moï¿½Lï¿½Dï¿½ï¿½;ï¿½%gï¿½?wï¿½ï¿½Å·ï¿½ï¿½ï¿½ovH0ï¿½[37m...
        â•µ   [32m~~~~~~~~~~~~~~~~~~~~~~~~~~~~~~~~~~[0m


[31mX [41;31m[[41;97mERROR[41;31m][0m [1mTS1490: File appears to be binary.[0m [1m[35m[plugin angular-compiler][0m

    node_modules/rxjs/dist/types/internal/operators/mergeScan.d.ts:0:0:
[37m      0 â”‚ [32m[37m
        â•µ [32m^[0m


[31mX [41;31m[[41;97mERROR[41;31m][0m [1mTS1127: Invalid character.[0m [1m[35m[plugin angular-compiler][0m

    node_modules/rxjs/dist/types/internal/operators/mergeScan.d.ts:1:1:
[37m      1 â”‚ $[32m[37mï¿½ï¿½mï¿½ï¿½moï¿½Lï¿½Dï¿½ï¿½;ï¿½%gï¿½?wï¿½ï¿½Å·ï¿½ï¿½ï¿½ovH0ï¿½...
        â•µ  [32m^[0m


[31mX [41;31m[[41;97mERROR[41;31m][0m [1mTS1128: Declaration or statement expected.[0m [1m[35m[plugin angular-compiler][0m

    node_modules/rxjs/dist/types/internal/operators/mergeScan.d.ts:1:2:
[37m      1 â”‚ $[32mï¿½ï¿½mï¿½ï¿½moï¿½Lï¿½Dï¿½ï¿½;ï¿½%gï¿½?wï¿½ï¿½Å·ï¿½ï¿½ï¿½ovH0ï¿½[37m...
        â•µ   [32m~~~~~~~~~~~~~~~~~~~~~~~~~~~~~~~~~~[0m


[31mX [41;31m[[41;97mERROR[41;31m][0m [1mTS1490: File appears to be binary.[0m [1m[35m[plugin angular-compiler][0m

    node_modules/rxjs/dist/types/internal/operators/mergeWith.d.ts:0:0:
[37m      0 â”‚ [32m[37m
        â•µ [32m^[0m


[31mX [41;31m[[41;97mERROR[41;31m][0m [1mTS1127: Invalid character.[0m [1m[35m[plugin angular-compiler][0m

    node_modules/rxjs/dist/types/internal/operators/mergeWith.d.ts:1:1:
[37m      1 â”‚ $[32m[37mï¿½ï¿½mï¿½ï¿½moï¿½Lï¿½Dï¿½ï¿½;ï¿½%gï¿½?wï¿½ï¿½Å·ï¿½ï¿½ï¿½ovH0ï¿½...
        â•µ  [32m^[0m


[31mX [41;31m[[41;97mERROR[41;31m][0m [1mTS1128: Declaration or statement expected.[0m [1m[35m[plugin angular-compiler][0m

    node_modules/rxjs/dist/types/internal/operators/mergeWith.d.ts:1:2:
[37m      1 â”‚ $[32mï¿½ï¿½mï¿½ï¿½moï¿½Lï¿½Dï¿½ï¿½;ï¿½%gï¿½?wï¿½ï¿½Å·ï¿½ï¿½ï¿½ovH0ï¿½[37m...
        â•µ   [32m~~~~~~~~~~~~~~~~~~~~~~~~~~~~~~~~~~[0m


[31mX [41;31m[[41;97mERROR[41;31m][0m [1mTS1490: File appears to be binary.[0m [1m[35m[plugin angular-compiler][0m

    node_modules/rxjs/dist/types/internal/operators/min.d.ts:0:0:
[37m      0 â”‚ [32m[37m
        â•µ [32m^[0m


[31mX [41;31m[[41;97mERROR[41;31m][0m [1mTS1127: Invalid character.[0m [1m[35m[plugin angular-compiler][0m

    node_modules/rxjs/dist/types/internal/operators/min.d.ts:1:1:
[37m      1 â”‚ $[32m[37mï¿½ï¿½mï¿½ï¿½moï¿½Lï¿½Dï¿½ï¿½;ï¿½%gï¿½?wï¿½ï¿½Å·ï¿½ï¿½ï¿½ovH0ï¿½...
        â•µ  [32m^[0m


[31mX [41;31m[[41;97mERROR[41;31m][0m [1mTS1128: Declaration or statement expected.[0m [1m[35m[plugin angular-compiler][0m

    node_modules/rxjs/dist/types/internal/operators/min.d.ts:1:2:
[37m      1 â”‚ $[32mï¿½ï¿½mï¿½ï¿½moï¿½Lï¿½Dï¿½ï¿½;ï¿½%gï¿½?wï¿½ï¿½Å·ï¿½ï¿½ï¿½ovH0ï¿½[37m...
        â•µ   [32m~~~~~~~~~~~~~~~~~~~~~~~~~~~~~~~~~~[0m


[31mX [41;31m[[41;97mERROR[41;31m][0m [1mTS1490: File appears to be binary.[0m [1m[35m[plugin angular-compiler][0m

    node_modules/rxjs/dist/types/internal/operators/multicast.d.ts:0:0:
[37m      0 â”‚ [32m[37m
        â•µ [32m^[0m


[31mX [41;31m[[41;97mERROR[41;31m][0m [1mTS1127: Invalid character.[0m [1m[35m[plugin angular-compiler][0m

    node_modules/rxjs/dist/types/internal/operators/multicast.d.ts:1:1:
[37m      1 â”‚ $[32m[37mï¿½ï¿½mï¿½ï¿½moï¿½Lï¿½Dï¿½ï¿½;ï¿½%gï¿½?wï¿½ï¿½Å·ï¿½ï¿½ï¿½ovH0ï¿½...
        â•µ  [32m^[0m


[31mX [41;31m[[41;97mERROR[41;31m][0m [1mTS1128: Declaration or statement expected.[0m [1m[35m[plugin angular-compiler][0m

    node_modules/rxjs/dist/types/internal/operators/multicast.d.ts:1:2:
[37m      1 â”‚ $[32mï¿½ï¿½mï¿½ï¿½moï¿½Lï¿½Dï¿½ï¿½;ï¿½%gï¿½?wï¿½ï¿½Å·ï¿½ï¿½ï¿½ovH0ï¿½[37m...
        â•µ   [32m~~~~~~~~~~~~~~~~~~~~~~~~~~~~~~~~~~[0m


[31mX [41;31m[[41;97mERROR[41;31m][0m [1mTS1490: File appears to be binary.[0m [1m[35m[plugin angular-compiler][0m

    node_modules/rxjs/dist/types/internal/operators/observeOn.d.ts:0:0:
[37m      0 â”‚ [32m[37m
        â•µ [32m^[0m


[31mX [41;31m[[41;97mERROR[41;31m][0m [1mTS1127: Invalid character.[0m [1m[35m[plugin angular-compiler][0m

    node_modules/rxjs/dist/types/internal/operators/observeOn.d.ts:1:1:
[37m      1 â”‚ $[32m[37mï¿½ï¿½mï¿½ï¿½moï¿½Lï¿½Dï¿½ï¿½;ï¿½%gï¿½?wï¿½ï¿½Å·ï¿½ï¿½ï¿½ovH0ï¿½...
        â•µ  [32m^[0m


[31mX [41;31m[[41;97mERROR[41;31m][0m [1mTS1128: Declaration or statement expected.[0m [1m[35m[plugin angular-compiler][0m

    node_modules/rxjs/dist/types/internal/operators/observeOn.d.ts:1:2:
[37m      1 â”‚ $[32mï¿½ï¿½mï¿½ï¿½moï¿½Lï¿½Dï¿½ï¿½;ï¿½%gï¿½?wï¿½ï¿½Å·ï¿½ï¿½ï¿½ovH0ï¿½[37m...
        â•µ   [32m~~~~~~~~~~~~~~~~~~~~~~~~~~~~~~~~~~[0m


[31mX [41;31m[[41;97mERROR[41;31m][0m [1mTS1490: File appears to be binary.[0m [1m[35m[plugin angular-compiler][0m

    node_modules/rxjs/dist/types/internal/operators/pairwise.d.ts:0:0:
[37m      0 â”‚ [32m[37m
        â•µ [32m^[0m


[31mX [41;31m[[41;97mERROR[41;31m][0m [1mTS1127: Invalid character.[0m [1m[35m[plugin angular-compiler][0m

    node_modules/rxjs/dist/types/internal/operators/pairwise.d.ts:1:1:
[37m      1 â”‚ $[32m[37mï¿½ï¿½mï¿½ï¿½moï¿½Lï¿½Dï¿½ï¿½;ï¿½%gï¿½?wï¿½ï¿½Å·ï¿½ï¿½ï¿½ovH0ï¿½...
        â•µ  [32m^[0m


[31mX [41;31m[[41;97mERROR[41;31m][0m [1mTS1128: Declaration or statement expected.[0m [1m[35m[plugin angular-compiler][0m

    node_modules/rxjs/dist/types/internal/operators/pairwise.d.ts:1:2:
[37m      1 â”‚ $[32mï¿½ï¿½mï¿½ï¿½moï¿½Lï¿½Dï¿½ï¿½;ï¿½%gï¿½?wï¿½ï¿½Å·ï¿½ï¿½ï¿½ovH0ï¿½[37m...
        â•µ   [32m~~~~~~~~~~~~~~~~~~~~~~~~~~~~~~~~~~[0m


[31mX [41;31m[[41;97mERROR[41;31m][0m [1mTS1490: File appears to be binary.[0m [1m[35m[plugin angular-compiler][0m

    node_modules/rxjs/dist/types/internal/operators/partition.d.ts:0:0:
[37m      0 â”‚ [32m[37m
        â•µ [32m^[0m


[31mX [41;31m[[41;97mERROR[41;31m][0m [1mTS1127: Invalid character.[0m [1m[35m[plugin angular-compiler][0m

    node_modules/rxjs/dist/types/internal/operators/partition.d.ts:1:1:
[37m      1 â”‚ $[32m[37mï¿½ï¿½mï¿½ï¿½moï¿½Lï¿½Dï¿½ï¿½;ï¿½%gï¿½?wï¿½ï¿½Å·ï¿½ï¿½ï¿½ovH0ï¿½...
        â•µ  [32m^[0m


[31mX [41;31m[[41;97mERROR[41;31m][0m [1mTS1128: Declaration or statement expected.[0m [1m[35m[plugin angular-compiler][0m

    node_modules/rxjs/dist/types/internal/operators/partition.d.ts:1:2:
[37m      1 â”‚ $[32mï¿½ï¿½mï¿½ï¿½moï¿½Lï¿½Dï¿½ï¿½;ï¿½%gï¿½?wï¿½ï¿½Å·ï¿½ï¿½ï¿½ovH0ï¿½[37m...
        â•µ   [32m~~~~~~~~~~~~~~~~~~~~~~~~~~~~~~~~~~[0m


[31mX [41;31m[[41;97mERROR[41;31m][0m [1mTS1490: File appears to be binary.[0m [1m[35m[plugin angular-compiler][0m

    node_modules/rxjs/dist/types/internal/operators/pluck.d.ts:0:0:
[37m      0 â”‚ [32m[37m
        â•µ [32m^[0m


[31mX [41;31m[[41;97mERROR[41;31m][0m [1mTS1127: Invalid character.[0m [1m[35m[plugin angular-compiler][0m

    node_modules/rxjs/dist/types/internal/operators/pluck.d.ts:1:1:
[37m      1 â”‚ $[32m[37mï¿½ï¿½mï¿½ï¿½moï¿½Lï¿½Dï¿½ï¿½;ï¿½%gï¿½?wï¿½ï¿½Å·ï¿½ï¿½ï¿½ovH0ï¿½...
        â•µ  [32m^[0m


[31mX [41;31m[[41;97mERROR[41;31m][0m [1mTS1128: Declaration or statement expected.[0m [1m[35m[plugin angular-compiler][0m

    node_modules/rxjs/dist/types/internal/operators/pluck.d.ts:1:2:
[37m      1 â”‚ $[32mï¿½ï¿½mï¿½ï¿½moï¿½Lï¿½Dï¿½ï¿½;ï¿½%gï¿½?wï¿½ï¿½Å·ï¿½ï¿½ï¿½ovH0ï¿½[37m...
        â•µ   [32m~~~~~~~~~~~~~~~~~~~~~~~~~~~~~~~~~~[0m


[31mX [41;31m[[41;97mERROR[41;31m][0m [1mTS1490: File appears to be binary.[0m [1m[35m[plugin angular-compiler][0m

    node_modules/rxjs/dist/types/internal/operators/publish.d.ts:0:0:
[37m      0 â”‚ [32m[37m
        â•µ [32m^[0m


[31mX [41;31m[[41;97mERROR[41;31m][0m [1mTS1127: Invalid character.[0m [1m[35m[plugin angular-compiler][0m

    node_modules/rxjs/dist/types/internal/operators/publish.d.ts:1:1:
[37m      1 â”‚ $[32m[37mï¿½ï¿½mï¿½ï¿½moï¿½Lï¿½Dï¿½ï¿½;ï¿½%gï¿½?wï¿½ï¿½Å·ï¿½ï¿½ï¿½ovH0ï¿½...
        â•µ  [32m^[0m


[31mX [41;31m[[41;97mERROR[41;31m][0m [1mTS1128: Declaration or statement expected.[0m [1m[35m[plugin angular-compiler][0m

    node_modules/rxjs/dist/types/internal/operators/publish.d.ts:1:2:
[37m      1 â”‚ $[32mï¿½ï¿½mï¿½ï¿½moï¿½Lï¿½Dï¿½ï¿½;ï¿½%gï¿½?wï¿½ï¿½Å·ï¿½ï¿½ï¿½ovH0ï¿½[37m...
        â•µ   [32m~~~~~~~~~~~~~~~~~~~~~~~~~~~~~~~~~~[0m


[31mX [41;31m[[41;97mERROR[41;31m][0m [1mTS1490: File appears to be binary.[0m [1m[35m[plugin angular-compiler][0m

    node_modules/rxjs/dist/types/internal/operators/publishBehavior.d.ts:0:0:
[37m      0 â”‚ [32m[37m
        â•µ [32m^[0m


[31mX [41;31m[[41;97mERROR[41;31m][0m [1mTS1127: Invalid character.[0m [1m[35m[plugin angular-compiler][0m

    node_modules/rxjs/dist/types/internal/operators/publishBehavior.d.ts:1:1:
[37m      1 â”‚ $[32m[37mï¿½ï¿½mï¿½ï¿½moï¿½Lï¿½Dï¿½ï¿½;ï¿½%gï¿½?wï¿½ï¿½Å·ï¿½ï¿½ï¿½ovH0ï¿½...
        â•µ  [32m^[0m


[31mX [41;31m[[41;97mERROR[41;31m][0m [1mTS1128: Declaration or statement expected.[0m [1m[35m[plugin angular-compiler][0m

    node_modules/rxjs/dist/types/internal/operators/publishBehavior.d.ts:1:2:
[37m      1 â”‚ $[32mï¿½ï¿½mï¿½ï¿½moï¿½Lï¿½Dï¿½ï¿½;ï¿½%gï¿½?wï¿½ï¿½Å·ï¿½ï¿½ï¿½ovH0ï¿½[37m...
        â•µ   [32m~~~~~~~~~~~~~~~~~~~~~~~~~~~~~~~~~~[0m


[31mX [41;31m[[41;97mERROR[41;31m][0m [1mTS1490: File appears to be binary.[0m [1m[35m[plugin angular-compiler][0m

    node_modules/rxjs/dist/types/internal/operators/publishLast.d.ts:0:0:
[37m      0 â”‚ [32m[37m
        â•µ [32m^[0m


[31mX [41;31m[[41;97mERROR[41;31m][0m [1mTS1127: Invalid character.[0m [1m[35m[plugin angular-compiler][0m

    node_modules/rxjs/dist/types/internal/operators/publishLast.d.ts:1:1:
[37m      1 â”‚ $[32m[37mï¿½ï¿½mï¿½ï¿½moï¿½Lï¿½Dï¿½ï¿½;ï¿½%gï¿½?wï¿½ï¿½Å·ï¿½ï¿½ï¿½ovH0ï¿½...
        â•µ  [32m^[0m


[31mX [41;31m[[41;97mERROR[41;31m][0m [1mTS1128: Declaration or statement expected.[0m [1m[35m[plugin angular-compiler][0m

    node_modules/rxjs/dist/types/internal/operators/publishLast.d.ts:1:2:
[37m      1 â”‚ $[32mï¿½ï¿½mï¿½ï¿½moï¿½Lï¿½Dï¿½ï¿½;ï¿½%gï¿½?wï¿½ï¿½Å·ï¿½ï¿½ï¿½ovH0ï¿½[37m...
        â•µ   [32m~~~~~~~~~~~~~~~~~~~~~~~~~~~~~~~~~~[0m


[31mX [41;31m[[41;97mERROR[41;31m][0m [1mTS1490: File appears to be binary.[0m [1m[35m[plugin angular-compiler][0m

    node_modules/rxjs/dist/types/internal/operators/publishReplay.d.ts:0:0:
[37m      0 â”‚ [32m[37m
        â•µ [32m^[0m


[31mX [41;31m[[41;97mERROR[41;31m][0m [1mTS1127: Invalid character.[0m [1m[35m[plugin angular-compiler][0m

    node_modules/rxjs/dist/types/internal/operators/publishReplay.d.ts:1:1:
[37m      1 â”‚ $[32m[37mï¿½ï¿½mï¿½ï¿½moï¿½Lï¿½Dï¿½ï¿½;ï¿½%gï¿½?wï¿½ï¿½Å·ï¿½ï¿½ï¿½ovH0ï¿½...
        â•µ  [32m^[0m


[31mX [41;31m[[41;97mERROR[41;31m][0m [1mTS1128: Declaration or statement expected.[0m [1m[35m[plugin angular-compiler][0m

    node_modules/rxjs/dist/types/internal/operators/publishReplay.d.ts:1:2:
[37m      1 â”‚ $[32mï¿½ï¿½mï¿½ï¿½moï¿½Lï¿½Dï¿½ï¿½;ï¿½%gï¿½?wï¿½ï¿½Å·ï¿½ï¿½ï¿½ovH0ï¿½[37m...
        â•µ   [32m~~~~~~~~~~~~~~~~~~~~~~~~~~~~~~~~~~[0m


[31mX [41;31m[[41;97mERROR[41;31m][0m [1mTS1490: File appears to be binary.[0m [1m[35m[plugin angular-compiler][0m

    node_modules/rxjs/dist/types/internal/operators/raceWith.d.ts:0:0:
[37m      0 â”‚ [32m[37m
        â•µ [32m^[0m


[31mX [41;31m[[41;97mERROR[41;31m][0m [1mTS1127: Invalid character.[0m [1m[35m[plugin angular-compiler][0m

    node_modules/rxjs/dist/types/internal/operators/raceWith.d.ts:1:1:
[37m      1 â”‚ $[32m[37mï¿½ï¿½mï¿½ï¿½moï¿½Lï¿½Dï¿½ï¿½;ï¿½%gï¿½?wï¿½ï¿½Å·ï¿½ï¿½ï¿½ovH0ï¿½...
        â•µ  [32m^[0m


[31mX [41;31m[[41;97mERROR[41;31m][0m [1mTS1128: Declaration or statement expected.[0m [1m[35m[plugin angular-compiler][0m

    node_modules/rxjs/dist/types/internal/operators/raceWith.d.ts:1:2:
[37m      1 â”‚ $[32mï¿½ï¿½mï¿½ï¿½moï¿½Lï¿½Dï¿½ï¿½;ï¿½%gï¿½?wï¿½ï¿½Å·ï¿½ï¿½ï¿½ovH0ï¿½[37m...
        â•µ   [32m~~~~~~~~~~~~~~~~~~~~~~~~~~~~~~~~~~[0m


[31mX [41;31m[[41;97mERROR[41;31m][0m [1mTS1490: File appears to be binary.[0m [1m[35m[plugin angular-compiler][0m

    node_modules/rxjs/dist/types/internal/operators/refCount.d.ts:0:0:
[37m      0 â”‚ [32m[37m
        â•µ [32m^[0m


[31mX [41;31m[[41;97mERROR[41;31m][0m [1mTS1127: Invalid character.[0m [1m[35m[plugin angular-compiler][0m

    node_modules/rxjs/dist/types/internal/operators/refCount.d.ts:1:1:
[37m      1 â”‚ $[32m[37mï¿½ï¿½mï¿½ï¿½moï¿½Lï¿½Dï¿½ï¿½;ï¿½%gï¿½?wï¿½ï¿½Å·ï¿½ï¿½ï¿½ovH0ï¿½...
        â•µ  [32m^[0m


[31mX [41;31m[[41;97mERROR[41;31m][0m [1mTS1128: Declaration or statement expected.[0m [1m[35m[plugin angular-compiler][0m

    node_modules/rxjs/dist/types/internal/operators/refCount.d.ts:1:2:
[37m      1 â”‚ $[32mï¿½ï¿½mï¿½ï¿½moï¿½Lï¿½Dï¿½ï¿½;ï¿½%gï¿½?wï¿½ï¿½Å·ï¿½ï¿½ï¿½ovH0ï¿½[37m...
        â•µ   [32m~~~~~~~~~~~~~~~~~~~~~~~~~~~~~~~~~~[0m


[31mX [41;31m[[41;97mERROR[41;31m][0m [1mTS1490: File appears to be binary.[0m [1m[35m[plugin angular-compiler][0m

    node_modules/rxjs/dist/types/internal/operators/repeat.d.ts:0:0:
[37m      0 â”‚ [32m[37m
        â•µ [32m^[0m


[31mX [41;31m[[41;97mERROR[41;31m][0m [1mTS1127: Invalid character.[0m [1m[35m[plugin angular-compiler][0m

    node_modules/rxjs/dist/types/internal/operators/repeat.d.ts:1:1:
[37m      1 â”‚ $[32m[37mï¿½ï¿½mï¿½ï¿½moï¿½Lï¿½Dï¿½ï¿½;ï¿½%gï¿½?wï¿½ï¿½Å·ï¿½ï¿½ï¿½ovH0ï¿½...
        â•µ  [32m^[0m


[31mX [41;31m[[41;97mERROR[41;31m][0m [1mTS1128: Declaration or statement expected.[0m [1m[35m[plugin angular-compiler][0m

    node_modules/rxjs/dist/types/internal/operators/repeat.d.ts:1:2:
[37m      1 â”‚ $[32mï¿½ï¿½mï¿½ï¿½moï¿½Lï¿½Dï¿½ï¿½;ï¿½%gï¿½?wï¿½ï¿½Å·ï¿½ï¿½ï¿½ovH0ï¿½[37m...
        â•µ   [32m~~~~~~~~~~~~~~~~~~~~~~~~~~~~~~~~~~[0m


[31mX [41;31m[[41;97mERROR[41;31m][0m [1mTS1490: File appears to be binary.[0m [1m[35m[plugin angular-compiler][0m

    node_modules/rxjs/dist/types/internal/operators/repeatWhen.d.ts:0:0:
[37m      0 â”‚ [32m[37m
        â•µ [32m^[0m


[31mX [41;31m[[41;97mERROR[41;31m][0m [1mTS1127: Invalid character.[0m [1m[35m[plugin angular-compiler][0m

    node_modules/rxjs/dist/types/internal/operators/repeatWhen.d.ts:1:1:
[37m      1 â”‚ $[32m[37mï¿½ï¿½mï¿½ï¿½moï¿½Lï¿½Dï¿½ï¿½;ï¿½%gï¿½?wï¿½ï¿½Å·ï¿½ï¿½ï¿½ovH0ï¿½...
        â•µ  [32m^[0m


[31mX [41;31m[[41;97mERROR[41;31m][0m [1mTS1128: Declaration or statement expected.[0m [1m[35m[plugin angular-compiler][0m

    node_modules/rxjs/dist/types/internal/operators/repeatWhen.d.ts:1:2:
[37m      1 â”‚ $[32mï¿½ï¿½mï¿½ï¿½moï¿½Lï¿½Dï¿½ï¿½;ï¿½%gï¿½?wï¿½ï¿½Å·ï¿½ï¿½ï¿½ovH0ï¿½[37m...
        â•µ   [32m~~~~~~~~~~~~~~~~~~~~~~~~~~~~~~~~~~[0m


[31mX [41;31m[[41;97mERROR[41;31m][0m [1mTS1490: File appears to be binary.[0m [1m[35m[plugin angular-compiler][0m

    node_modules/rxjs/dist/types/internal/operators/retry.d.ts:0:0:
[37m      0 â”‚ [32m[37m
        â•µ [32m^[0m


[31mX [41;31m[[41;97mERROR[41;31m][0m [1mTS1127: Invalid character.[0m [1m[35m[plugin angular-compiler][0m

    node_modules/rxjs/dist/types/internal/operators/retry.d.ts:1:1:
[37m      1 â”‚ $[32m[37mï¿½ï¿½mï¿½ï¿½moï¿½Lï¿½Dï¿½ï¿½;ï¿½%gï¿½?wï¿½ï¿½Å·ï¿½ï¿½ï¿½ovH0ï¿½...
        â•µ  [32m^[0m


[31mX [41;31m[[41;97mERROR[41;31m][0m [1mTS1128: Declaration or statement expected.[0m [1m[35m[plugin angular-compiler][0m

    node_modules/rxjs/dist/types/internal/operators/retry.d.ts:1:2:
[37m      1 â”‚ $[32mï¿½ï¿½mï¿½ï¿½moï¿½Lï¿½Dï¿½ï¿½;ï¿½%gï¿½?wï¿½ï¿½Å·ï¿½ï¿½ï¿½ovH0ï¿½[37m...
        â•µ   [32m~~~~~~~~~~~~~~~~~~~~~~~~~~~~~~~~~~[0m


[31mX [41;31m[[41;97mERROR[41;31m][0m [1mTS1490: File appears to be binary.[0m [1m[35m[plugin angular-compiler][0m

    node_modules/rxjs/dist/types/internal/operators/retryWhen.d.ts:0:0:
[37m      0 â”‚ [32m[37m
        â•µ [32m^[0m


[31mX [41;31m[[41;97mERROR[41;31m][0m [1mTS1127: Invalid character.[0m [1m[35m[plugin angular-compiler][0m

    node_modules/rxjs/dist/types/internal/operators/retryWhen.d.ts:1:1:
[37m      1 â”‚ $[32m[37mï¿½ï¿½mï¿½ï¿½moï¿½Lï¿½Dï¿½ï¿½;ï¿½%gï¿½?wï¿½ï¿½Å·ï¿½ï¿½ï¿½ovH0ï¿½...
        â•µ  [32m^[0m


[31mX [41;31m[[41;97mERROR[41;31m][0m [1mTS1128: Declaration or statement expected.[0m [1m[35m[plugin angular-compiler][0m

    node_modules/rxjs/dist/types/internal/operators/retryWhen.d.ts:1:2:
[37m      1 â”‚ $[32mï¿½ï¿½mï¿½ï¿½moï¿½Lï¿½Dï¿½ï¿½;ï¿½%gï¿½?wï¿½ï¿½Å·ï¿½ï¿½ï¿½ovH0ï¿½[37m...
        â•µ   [32m~~~~~~~~~~~~~~~~~~~~~~~~~~~~~~~~~~[0m


[31mX [41;31m[[41;97mERROR[41;31m][0m [1mTS1490: File appears to be binary.[0m [1m[35m[plugin angular-compiler][0m

    node_modules/rxjs/dist/types/internal/operators/sample.d.ts:0:0:
[37m      0 â”‚ [32m[37m
        â•µ [32m^[0m


[31mX [41;31m[[41;97mERROR[41;31m][0m [1mTS1127: Invalid character.[0m [1m[35m[plugin angular-compiler][0m

    node_modules/rxjs/dist/types/internal/operators/sample.d.ts:1:1:
[37m      1 â”‚ $[32m[37mï¿½ï¿½mï¿½ï¿½moï¿½Lï¿½Dï¿½ï¿½;ï¿½%gï¿½?wï¿½ï¿½Å·ï¿½ï¿½ï¿½ovH0ï¿½...
        â•µ  [32m^[0m


[31mX [41;31m[[41;97mERROR[41;31m][0m [1mTS1128: Declaration or statement expected.[0m [1m[35m[plugin angular-compiler][0m

    node_modules/rxjs/dist/types/internal/operators/sample.d.ts:1:2:
[37m      1 â”‚ $[32mï¿½ï¿½mï¿½ï¿½moï¿½Lï¿½Dï¿½ï¿½;ï¿½%gï¿½?wï¿½ï¿½Å·ï¿½ï¿½ï¿½ovH0ï¿½[37m...
        â•µ   [32m~~~~~~~~~~~~~~~~~~~~~~~~~~~~~~~~~~[0m


[31mX [41;31m[[41;97mERROR[41;31m][0m [1mTS1490: File appears to be binary.[0m [1m[35m[plugin angular-compiler][0m

    node_modules/rxjs/dist/types/internal/operators/sampleTime.d.ts:0:0:
[37m      0 â”‚ [32m[37m
        â•µ [32m^[0m


[31mX [41;31m[[41;97mERROR[41;31m][0m [1mTS1127: Invalid character.[0m [1m[35m[plugin angular-compiler][0m

    node_modules/rxjs/dist/types/internal/operators/sampleTime.d.ts:1:1:
[37m      1 â”‚ $[32m[37mï¿½ï¿½mï¿½ï¿½moï¿½Lï¿½Dï¿½ï¿½;ï¿½%gï¿½?wï¿½ï¿½Å·ï¿½ï¿½ï¿½ovH0ï¿½...
        â•µ  [32m^[0m


[31mX [41;31m[[41;97mERROR[41;31m][0m [1mTS1128: Declaration or statement expected.[0m [1m[35m[plugin angular-compiler][0m

    node_modules/rxjs/dist/types/internal/operators/sampleTime.d.ts:1:2:
[37m      1 â”‚ $[32mï¿½ï¿½mï¿½ï¿½moï¿½Lï¿½Dï¿½ï¿½;ï¿½%gï¿½?wï¿½ï¿½Å·ï¿½ï¿½ï¿½ovH0ï¿½[37m...
        â•µ   [32m~~~~~~~~~~~~~~~~~~~~~~~~~~~~~~~~~~[0m


[31mX [41;31m[[41;97mERROR[41;31m][0m [1mTS1490: File appears to be binary.[0m [1m[35m[plugin angular-compiler][0m

    node_modules/rxjs/dist/types/internal/operators/sequenceEqual.d.ts:0:0:
[37m      0 â”‚ [32m[37m
        â•µ [32m^[0m


[31mX [41;31m[[41;97mERROR[41;31m][0m [1mTS1127: Invalid character.[0m [1m[35m[plugin angular-compiler][0m

    node_modules/rxjs/dist/types/internal/operators/sequenceEqual.d.ts:1:1:
[37m      1 â”‚ $[32m[37mï¿½ï¿½mï¿½ï¿½moï¿½Lï¿½Dï¿½ï¿½;ï¿½%gï¿½?wï¿½ï¿½Å·ï¿½ï¿½ï¿½ovH0ï¿½...
        â•µ  [32m^[0m


[31mX [41;31m[[41;97mERROR[41;31m][0m [1mTS1128: Declaration or statement expected.[0m [1m[35m[plugin angular-compiler][0m

    node_modules/rxjs/dist/types/internal/operators/sequenceEqual.d.ts:1:2:
[37m      1 â”‚ $[32mï¿½ï¿½mï¿½ï¿½moï¿½Lï¿½Dï¿½ï¿½;ï¿½%gï¿½?wï¿½ï¿½Å·ï¿½ï¿½ï¿½ovH0ï¿½[37m...
        â•µ   [32m~~~~~~~~~~~~~~~~~~~~~~~~~~~~~~~~~~[0m


[31mX [41;31m[[41;97mERROR[41;31m][0m [1mTS1490: File appears to be binary.[0m [1m[35m[plugin angular-compiler][0m

    node_modules/rxjs/dist/types/internal/operators/share.d.ts:0:0:
[37m      0 â”‚ [32m[37m
        â•µ [32m^[0m


[31mX [41;31m[[41;97mERROR[41;31m][0m [1mTS1127: Invalid character.[0m [1m[35m[plugin angular-compiler][0m

    node_modules/rxjs/dist/types/internal/operators/share.d.ts:1:1:
[37m      1 â”‚ $[32m[37mï¿½ï¿½mï¿½ï¿½moï¿½Lï¿½Dï¿½ï¿½;ï¿½%gï¿½?wï¿½ï¿½Å·ï¿½ï¿½ï¿½ovH0ï¿½...
        â•µ  [32m^[0m


[31mX [41;31m[[41;97mERROR[41;31m][0m [1mTS1128: Declaration or statement expected.[0m [1m[35m[plugin angular-compiler][0m

    node_modules/rxjs/dist/types/internal/operators/share.d.ts:1:2:
[37m      1 â”‚ $[32mï¿½ï¿½mï¿½ï¿½moï¿½Lï¿½Dï¿½ï¿½;ï¿½%gï¿½?wï¿½ï¿½Å·ï¿½ï¿½ï¿½ovH0ï¿½[37m...
        â•µ   [32m~~~~~~~~~~~~~~~~~~~~~~~~~~~~~~~~~~[0m


[31mX [41;31m[[41;97mERROR[41;31m][0m [1mTS1490: File appears to be binary.[0m [1m[35m[plugin angular-compiler][0m

    node_modules/rxjs/dist/types/internal/operators/skip.d.ts:0:0:
[37m      0 â”‚ [32m[37m
        â•µ [32m^[0m


[31mX [41;31m[[41;97mERROR[41;31m][0m [1mTS1127: Invalid character.[0m [1m[35m[plugin angular-compiler][0m

    node_modules/rxjs/dist/types/internal/operators/skip.d.ts:1:1:
[37m      1 â”‚ $[32m[37mï¿½ï¿½mï¿½ï¿½moï¿½Lï¿½Dï¿½ï¿½;ï¿½%gï¿½?wï¿½ï¿½Å·ï¿½ï¿½ï¿½ovH0ï¿½...
        â•µ  [32m^[0m


[31mX [41;31m[[41;97mERROR[41;31m][0m [1mTS1128: Declaration or statement expected.[0m [1m[35m[plugin angular-compiler][0m

    node_modules/rxjs/dist/types/internal/operators/skip.d.ts:1:2:
[37m      1 â”‚ $[32mï¿½ï¿½mï¿½ï¿½moï¿½Lï¿½Dï¿½ï¿½;ï¿½%gï¿½?wï¿½ï¿½Å·ï¿½ï¿½ï¿½ovH0ï¿½[37m...
        â•µ   [32m~~~~~~~~~~~~~~~~~~~~~~~~~~~~~~~~~~[0m


[31mX [41;31m[[41;97mERROR[41;31m][0m [1mTS1490: File appears to be binary.[0m [1m[35m[plugin angular-compiler][0m

    node_modules/rxjs/dist/types/internal/operators/skipLast.d.ts:0:0:
[37m      0 â”‚ [32m[37m
        â•µ [32m^[0m


[31mX [41;31m[[41;97mERROR[41;31m][0m [1mTS1127: Invalid character.[0m [1m[35m[plugin angular-compiler][0m

    node_modules/rxjs/dist/types/internal/operators/skipLast.d.ts:1:1:
[37m      1 â”‚ $[32m[37mï¿½ï¿½mï¿½ï¿½moï¿½Lï¿½Dï¿½ï¿½;ï¿½%gï¿½?wï¿½ï¿½Å·ï¿½ï¿½ï¿½ovH0ï¿½...
        â•µ  [32m^[0m


[31mX [41;31m[[41;97mERROR[41;31m][0m [1mTS1128: Declaration or statement expected.[0m [1m[35m[plugin angular-compiler][0m

    node_modules/rxjs/dist/types/internal/operators/skipLast.d.ts:1:2:
[37m      1 â”‚ $[32mï¿½ï¿½mï¿½ï¿½moï¿½Lï¿½Dï¿½ï¿½;ï¿½%gï¿½?wï¿½ï¿½Å·ï¿½ï¿½ï¿½ovH0ï¿½[37m...
        â•µ   [32m~~~~~~~~~~~~~~~~~~~~~~~~~~~~~~~~~~[0m


[31mX [41;31m[[41;97mERROR[41;31m][0m [1mTS1490: File appears to be binary.[0m [1m[35m[plugin angular-compiler][0m

    node_modules/rxjs/dist/types/internal/operators/skipUntil.d.ts:0:0:
[37m      0 â”‚ [32m[37m
        â•µ [32m^[0m


[31mX [41;31m[[41;97mERROR[41;31m][0m [1mTS1127: Invalid character.[0m [1m[35m[plugin angular-compiler][0m

    node_modules/rxjs/dist/types/internal/operators/skipUntil.d.ts:1:1:
[37m      1 â”‚ $[32m[37mï¿½ï¿½mï¿½ï¿½moï¿½Lï¿½Dï¿½ï¿½;ï¿½%gï¿½?wï¿½ï¿½Å·ï¿½ï¿½ï¿½ovH0ï¿½...
        â•µ  [32m^[0m


[31mX [41;31m[[41;97mERROR[41;31m][0m [1mTS1128: Declaration or statement expected.[0m [1m[35m[plugin angular-compiler][0m

    node_modules/rxjs/dist/types/internal/operators/skipUntil.d.ts:1:2:
[37m      1 â”‚ $[32mï¿½ï¿½mï¿½ï¿½moï¿½Lï¿½Dï¿½ï¿½;ï¿½%gï¿½?wï¿½ï¿½Å·ï¿½ï¿½ï¿½ovH0ï¿½[37m...
        â•µ   [32m~~~~~~~~~~~~~~~~~~~~~~~~~~~~~~~~~~[0m


[31mX [41;31m[[41;97mERROR[41;31m][0m [1mTS1490: File appears to be binary.[0m [1m[35m[plugin angular-compiler][0m

    node_modules/rxjs/dist/types/internal/operators/startWith.d.ts:0:0:
[37m      0 â”‚ [32m[37m
        â•µ [32m^[0m


[31mX [41;31m[[41;97mERROR[41;31m][0m [1mTS1127: Invalid character.[0m [1m[35m[plugin angular-compiler][0m

    node_modules/rxjs/dist/types/internal/operators/startWith.d.ts:1:1:
[37m      1 â”‚ $[32m[37mï¿½ï¿½mï¿½ï¿½moï¿½Lï¿½Dï¿½ï¿½;ï¿½%gï¿½?wï¿½ï¿½Å·ï¿½ï¿½ï¿½ovH0ï¿½...
        â•µ  [32m^[0m


[31mX [41;31m[[41;97mERROR[41;31m][0m [1mTS1128: Declaration or statement expected.[0m [1m[35m[plugin angular-compiler][0m

    node_modules/rxjs/dist/types/internal/operators/startWith.d.ts:1:2:
[37m      1 â”‚ $[32mï¿½ï¿½mï¿½ï¿½moï¿½Lï¿½Dï¿½ï¿½;ï¿½%gï¿½?wï¿½ï¿½Å·ï¿½ï¿½ï¿½ovH0ï¿½[37m...
        â•µ   [32m~~~~~~~~~~~~~~~~~~~~~~~~~~~~~~~~~~[0m


[31mX [41;31m[[41;97mERROR[41;31m][0m [1mTS1490: File appears to be binary.[0m [1m[35m[plugin angular-compiler][0m

    node_modules/rxjs/dist/types/internal/operators/subscribeOn.d.ts:0:0:
[37m      0 â”‚ [32m[37m
        â•µ [32m^[0m


[31mX [41;31m[[41;97mERROR[41;31m][0m [1mTS1127: Invalid character.[0m [1m[35m[plugin angular-compiler][0m

    node_modules/rxjs/dist/types/internal/operators/subscribeOn.d.ts:1:1:
[37m      1 â”‚ $[32m[37mï¿½ï¿½mï¿½ï¿½moï¿½Lï¿½Dï¿½ï¿½;ï¿½%gï¿½?wï¿½ï¿½Å·ï¿½ï¿½ï¿½ovH0ï¿½...
        â•µ  [32m^[0m


[31mX [41;31m[[41;97mERROR[41;31m][0m [1mTS1128: Declaration or statement expected.[0m [1m[35m[plugin angular-compiler][0m

    node_modules/rxjs/dist/types/internal/operators/subscribeOn.d.ts:1:2:
[37m      1 â”‚ $[32mï¿½ï¿½mï¿½ï¿½moï¿½Lï¿½Dï¿½ï¿½;ï¿½%gï¿½?wï¿½ï¿½Å·ï¿½ï¿½ï¿½ovH0ï¿½[37m...
        â•µ   [32m~~~~~~~~~~~~~~~~~~~~~~~~~~~~~~~~~~[0m


[31mX [41;31m[[41;97mERROR[41;31m][0m [1mTS1490: File appears to be binary.[0m [1m[35m[plugin angular-compiler][0m

    node_modules/rxjs/dist/types/internal/operators/switchAll.d.ts:0:0:
[37m      0 â”‚ [32m[37m
        â•µ [32m^[0m


[31mX [41;31m[[41;97mERROR[41;31m][0m [1mTS1127: Invalid character.[0m [1m[35m[plugin angular-compiler][0m

    node_modules/rxjs/dist/types/internal/operators/switchAll.d.ts:1:1:
[37m      1 â”‚ $[32m[37mï¿½ï¿½mï¿½ï¿½moï¿½Lï¿½Dï¿½ï¿½;ï¿½%gï¿½?wï¿½ï¿½Å·ï¿½ï¿½ï¿½ovH0ï¿½...
        â•µ  [32m^[0m


[31mX [41;31m[[41;97mERROR[41;31m][0m [1mTS1128: Declaration or statement expected.[0m [1m[35m[plugin angular-compiler][0m

    node_modules/rxjs/dist/types/internal/operators/switchAll.d.ts:1:2:
[37m      1 â”‚ $[32mï¿½ï¿½mï¿½ï¿½moï¿½Lï¿½Dï¿½ï¿½;ï¿½%gï¿½?wï¿½ï¿½Å·ï¿½ï¿½ï¿½ovH0ï¿½[37m...
        â•µ   [32m~~~~~~~~~~~~~~~~~~~~~~~~~~~~~~~~~~[0m


[31mX [41;31m[[41;97mERROR[41;31m][0m [1mTS1490: File appears to be binary.[0m [1m[35m[plugin angular-compiler][0m

    node_modules/rxjs/dist/types/internal/operators/switchMap.d.ts:0:0:
[37m      0 â”‚ [32m[37m
        â•µ [32m^[0m


[31mX [41;31m[[41;97mERROR[41;31m][0m [1mTS1127: Invalid character.[0m [1m[35m[plugin angular-compiler][0m

    node_modules/rxjs/dist/types/internal/operators/switchMap.d.ts:1:1:
[37m      1 â”‚ $[32m[37mï¿½ï¿½mï¿½ï¿½moï¿½Lï¿½Dï¿½ï¿½;ï¿½%gï¿½?wï¿½ï¿½Å·ï¿½ï¿½ï¿½ovH0ï¿½...
        â•µ  [32m^[0m


[31mX [41;31m[[41;97mERROR[41;31m][0m [1mTS1128: Declaration or statement expected.[0m [1m[35m[plugin angular-compiler][0m

    node_modules/rxjs/dist/types/internal/operators/switchMap.d.ts:1:2:
[37m      1 â”‚ $[32mï¿½ï¿½mï¿½ï¿½moï¿½Lï¿½Dï¿½ï¿½;ï¿½%gï¿½?wï¿½ï¿½Å·ï¿½ï¿½ï¿½ovH0ï¿½[37m...
        â•µ   [32m~~~~~~~~~~~~~~~~~~~~~~~~~~~~~~~~~~[0m


[31mX [41;31m[[41;97mERROR[41;31m][0m [1mTS1490: File appears to be binary.[0m [1m[35m[plugin angular-compiler][0m

    node_modules/rxjs/dist/types/internal/operators/switchMapTo.d.ts:0:0:
[37m      0 â”‚ [32m[37m
        â•µ [32m^[0m


[31mX [41;31m[[41;97mERROR[41;31m][0m [1mTS1127: Invalid character.[0m [1m[35m[plugin angular-compiler][0m

    node_modules/rxjs/dist/types/internal/operators/switchMapTo.d.ts:1:1:
[37m      1 â”‚ $[32m[37mï¿½ï¿½mï¿½ï¿½moï¿½Lï¿½Dï¿½ï¿½;ï¿½%gï¿½?wï¿½ï¿½Å·ï¿½ï¿½ï¿½ovH0ï¿½...
        â•µ  [32m^[0m


[31mX [41;31m[[41;97mERROR[41;31m][0m [1mTS1128: Declaration or statement expected.[0m [1m[35m[plugin angular-compiler][0m

    node_modules/rxjs/dist/types/internal/operators/switchMapTo.d.ts:1:2:
[37m      1 â”‚ $[32mï¿½ï¿½mï¿½ï¿½moï¿½Lï¿½Dï¿½ï¿½;ï¿½%gï¿½?wï¿½ï¿½Å·ï¿½ï¿½ï¿½ovH0ï¿½[37m...
        â•µ   [32m~~~~~~~~~~~~~~~~~~~~~~~~~~~~~~~~~~[0m


[31mX [41;31m[[41;97mERROR[41;31m][0m [1mTS1490: File appears to be binary.[0m [1m[35m[plugin angular-compiler][0m

    node_modules/rxjs/dist/types/internal/operators/switchScan.d.ts:0:0:
[37m      0 â”‚ [32m[37m
        â•µ [32m^[0m


[31mX [41;31m[[41;97mERROR[41;31m][0m [1mTS1127: Invalid character.[0m [1m[35m[plugin angular-compiler][0m

    node_modules/rxjs/dist/types/internal/operators/switchScan.d.ts:1:1:
[37m      1 â”‚ $[32m[37mï¿½ï¿½mï¿½ï¿½moï¿½Lï¿½Dï¿½ï¿½;ï¿½%gï¿½?wï¿½ï¿½Å·ï¿½ï¿½ï¿½ovH0ï¿½...
        â•µ  [32m^[0m


[31mX [41;31m[[41;97mERROR[41;31m][0m [1mTS1128: Declaration or statement expected.[0m [1m[35m[plugin angular-compiler][0m

    node_modules/rxjs/dist/types/internal/operators/switchScan.d.ts:1:2:
[37m      1 â”‚ $[32mï¿½ï¿½mï¿½ï¿½moï¿½Lï¿½Dï¿½ï¿½;ï¿½%gï¿½?wï¿½ï¿½Å·ï¿½ï¿½ï¿½ovH0ï¿½[37m...
        â•µ   [32m~~~~~~~~~~~~~~~~~~~~~~~~~~~~~~~~~~[0m


[31mX [41;31m[[41;97mERROR[41;31m][0m [1mTS1490: File appears to be binary.[0m [1m[35m[plugin angular-compiler][0m

    node_modules/rxjs/dist/types/internal/operators/take.d.ts:0:0:
[37m      0 â”‚ [32m[37m
        â•µ [32m^[0m


[31mX [41;31m[[41;97mERROR[41;31m][0m [1mTS1127: Invalid character.[0m [1m[35m[plugin angular-compiler][0m

    node_modules/rxjs/dist/types/internal/operators/take.d.ts:1:1:
[37m      1 â”‚ $[32m[37mï¿½ï¿½mï¿½ï¿½moï¿½Lï¿½Dï¿½ï¿½;ï¿½%gï¿½?wï¿½ï¿½Å·ï¿½ï¿½ï¿½ovH0ï¿½...
        â•µ  [32m^[0m


[31mX [41;31m[[41;97mERROR[41;31m][0m [1mTS1128: Declaration or statement expected.[0m [1m[35m[plugin angular-compiler][0m

    node_modules/rxjs/dist/types/internal/operators/take.d.ts:1:2:
[37m      1 â”‚ $[32mï¿½ï¿½mï¿½ï¿½moï¿½Lï¿½Dï¿½ï¿½;ï¿½%gï¿½?wï¿½ï¿½Å·ï¿½ï¿½ï¿½ovH0ï¿½[37m...
        â•µ   [32m~~~~~~~~~~~~~~~~~~~~~~~~~~~~~~~~~~[0m


[31mX [41;31m[[41;97mERROR[41;31m][0m [1mTS1490: File appears to be binary.[0m [1m[35m[plugin angular-compiler][0m

    node_modules/rxjs/dist/types/internal/operators/takeLast.d.ts:0:0:
[37m      0 â”‚ [32m[37m
        â•µ [32m^[0m


[31mX [41;31m[[41;97mERROR[41;31m][0m [1mTS1127: Invalid character.[0m [1m[35m[plugin angular-compiler][0m

    node_modules/rxjs/dist/types/internal/operators/takeLast.d.ts:1:1:
[37m      1 â”‚ $[32m[37mï¿½ï¿½mï¿½ï¿½moï¿½Lï¿½Dï¿½ï¿½;ï¿½%gï¿½?wï¿½ï¿½Å·ï¿½ï¿½ï¿½ovH0ï¿½...
        â•µ  [32m^[0m


[31mX [41;31m[[41;97mERROR[41;31m][0m [1mTS1128: Declaration or statement expected.[0m [1m[35m[plugin angular-compiler][0m

    node_modules/rxjs/dist/types/internal/operators/takeLast.d.ts:1:2:
[37m      1 â”‚ $[32mï¿½ï¿½mï¿½ï¿½moï¿½Lï¿½Dï¿½ï¿½;ï¿½%gï¿½?wï¿½ï¿½Å·ï¿½ï¿½ï¿½ovH0ï¿½[37m...
        â•µ   [32m~~~~~~~~~~~~~~~~~~~~~~~~~~~~~~~~~~[0m


[31mX [41;31m[[41;97mERROR[41;31m][0m [1mTS1490: File appears to be binary.[0m [1m[35m[plugin angular-compiler][0m

    node_modules/rxjs/dist/types/internal/operators/takeUntil.d.ts:0:0:
[37m      0 â”‚ [32m[37m
        â•µ [32m^[0m


[31mX [41;31m[[41;97mERROR[41;31m][0m [1mTS1127: Invalid character.[0m [1m[35m[plugin angular-compiler][0m

    node_modules/rxjs/dist/types/internal/operators/takeUntil.d.ts:1:1:
[37m      1 â”‚ $[32m[37mï¿½ï¿½mï¿½ï¿½moï¿½Lï¿½Dï¿½ï¿½;ï¿½%gï¿½?wï¿½ï¿½Å·ï¿½ï¿½ï¿½ovH0ï¿½...
        â•µ  [32m^[0m


[31mX [41;31m[[41;97mERROR[41;31m][0m [1mTS1128: Declaration or statement expected.[0m [1m[35m[plugin angular-compiler][0m

    node_modules/rxjs/dist/types/internal/operators/takeUntil.d.ts:1:2:
[37m      1 â”‚ $[32mï¿½ï¿½mï¿½ï¿½moï¿½Lï¿½Dï¿½ï¿½;ï¿½%gï¿½?wï¿½ï¿½Å·ï¿½ï¿½ï¿½ovH0ï¿½[37m...
        â•µ   [32m~~~~~~~~~~~~~~~~~~~~~~~~~~~~~~~~~~[0m


[31mX [41;31m[[41;97mERROR[41;31m][0m [1mTS1490: File appears to be binary.[0m [1m[35m[plugin angular-compiler][0m

    node_modules/rxjs/dist/types/internal/operators/takeWhile.d.ts:0:0:
[37m      0 â”‚ [32m[37m
        â•µ [32m^[0m


[31mX [41;31m[[41;97mERROR[41;31m][0m [1mTS1127: Invalid character.[0m [1m[35m[plugin angular-compiler][0m

    node_modules/rxjs/dist/types/internal/operators/takeWhile.d.ts:1:1:
[37m      1 â”‚ $[32m[37mï¿½ï¿½mï¿½ï¿½moï¿½Lï¿½Dï¿½ï¿½;ï¿½%gï¿½?wï¿½ï¿½Å·ï¿½ï¿½ï¿½ovH0ï¿½...
        â•µ  [32m^[0m


[31mX [41;31m[[41;97mERROR[41;31m][0m [1mTS1128: Declaration or statement expected.[0m [1m[35m[plugin angular-compiler][0m

    node_modules/rxjs/dist/types/internal/operators/takeWhile.d.ts:1:2:
[37m      1 â”‚ $[32mï¿½ï¿½mï¿½ï¿½moï¿½Lï¿½Dï¿½ï¿½;ï¿½%gï¿½?wï¿½ï¿½Å·ï¿½ï¿½ï¿½ovH0ï¿½[37m...
        â•µ   [32m~~~~~~~~~~~~~~~~~~~~~~~~~~~~~~~~~~[0m


[31mX [41;31m[[41;97mERROR[41;31m][0m [1mTS1490: File appears to be binary.[0m [1m[35m[plugin angular-compiler][0m

    node_modules/rxjs/dist/types/internal/operators/tap.d.ts:0:0:
[37m      0 â”‚ [32m[37m
        â•µ [32m^[0m


[31mX [41;31m[[41;97mERROR[41;31m][0m [1mTS1127: Invalid character.[0m [1m[35m[plugin angular-compiler][0m

    node_modules/rxjs/dist/types/internal/operators/tap.d.ts:1:1:
[37m      1 â”‚ $[32m[37mï¿½ï¿½mï¿½ï¿½moï¿½Lï¿½Dï¿½ï¿½;ï¿½%gï¿½?wï¿½ï¿½Å·ï¿½ï¿½ï¿½ovH0ï¿½...
        â•µ  [32m^[0m


[31mX [41;31m[[41;97mERROR[41;31m][0m [1mTS1128: Declaration or statement expected.[0m [1m[35m[plugin angular-compiler][0m

    node_modules/rxjs/dist/types/internal/operators/tap.d.ts:1:2:
[37m      1 â”‚ $[32mï¿½ï¿½mï¿½ï¿½moï¿½Lï¿½Dï¿½ï¿½;ï¿½%gï¿½?wï¿½ï¿½Å·ï¿½ï¿½ï¿½ovH0ï¿½[37m...
        â•µ   [32m~~~~~~~~~~~~~~~~~~~~~~~~~~~~~~~~~~[0m


[31mX [41;31m[[41;97mERROR[41;31m][0m [1mTS1490: File appears to be binary.[0m [1m[35m[plugin angular-compiler][0m

    node_modules/rxjs/dist/types/internal/operators/throttle.d.ts:0:0:
[37m      0 â”‚ [32m[37m
        â•µ [32m^[0m


[31mX [41;31m[[41;97mERROR[41;31m][0m [1mTS1127: Invalid character.[0m [1m[35m[plugin angular-compiler][0m

    node_modules/rxjs/dist/types/internal/operators/throttle.d.ts:1:1:
[37m      1 â”‚ $[32m[37mï¿½ï¿½mï¿½ï¿½moï¿½Lï¿½Dï¿½ï¿½;ï¿½%gï¿½?wï¿½ï¿½Å·ï¿½ï¿½ï¿½ovH0ï¿½...
        â•µ  [32m^[0m


[31mX [41;31m[[41;97mERROR[41;31m][0m [1mTS1128: Declaration or statement expected.[0m [1m[35m[plugin angular-compiler][0m

    node_modules/rxjs/dist/types/internal/operators/throttle.d.ts:1:2:
[37m      1 â”‚ $[32mï¿½ï¿½mï¿½ï¿½moï¿½Lï¿½Dï¿½ï¿½;ï¿½%gï¿½?wï¿½ï¿½Å·ï¿½ï¿½ï¿½ovH0ï¿½[37m...
        â•µ   [32m~~~~~~~~~~~~~~~~~~~~~~~~~~~~~~~~~~[0m


[31mX [41;31m[[41;97mERROR[41;31m][0m [1mTS1490: File appears to be binary.[0m [1m[35m[plugin angular-compiler][0m

    node_modules/rxjs/dist/types/internal/operators/throttleTime.d.ts:0:0:
[37m      0 â”‚ [32m[37m
        â•µ [32m^[0m


[31mX [41;31m[[41;97mERROR[41;31m][0m [1mTS1127: Invalid character.[0m [1m[35m[plugin angular-compiler][0m

    node_modules/rxjs/dist/types/internal/operators/throttleTime.d.ts:1:1:
[37m      1 â”‚ $[32m[37mï¿½ï¿½mï¿½ï¿½moï¿½Lï¿½Dï¿½ï¿½;ï¿½%gï¿½?wï¿½ï¿½Å·ï¿½ï¿½ï¿½ovH0ï¿½...
        â•µ  [32m^[0m


[31mX [41;31m[[41;97mERROR[41;31m][0m [1mTS1128: Declaration or statement expected.[0m [1m[35m[plugin angular-compiler][0m

    node_modules/rxjs/dist/types/internal/operators/throttleTime.d.ts:1:2:
[37m      1 â”‚ $[32mï¿½ï¿½mï¿½ï¿½moï¿½Lï¿½Dï¿½ï¿½;ï¿½%gï¿½?wï¿½ï¿½Å·ï¿½ï¿½ï¿½ovH0ï¿½[37m...
        â•µ   [32m~~~~~~~~~~~~~~~~~~~~~~~~~~~~~~~~~~[0m


[31mX [41;31m[[41;97mERROR[41;31m][0m [1mTS1490: File appears to be binary.[0m [1m[35m[plugin angular-compiler][0m

    node_modules/rxjs/dist/types/internal/operators/throwIfEmpty.d.ts:0:0:
[37m      0 â”‚ [32m[37m
        â•µ [32m^[0m


[31mX [41;31m[[41;97mERROR[41;31m][0m [1mTS1127: Invalid character.[0m [1m[35m[plugin angular-compiler][0m

    node_modules/rxjs/dist/types/internal/operators/throwIfEmpty.d.ts:1:1:
[37m      1 â”‚ $[32m[37mï¿½ï¿½mï¿½ï¿½moï¿½Lï¿½Dï¿½ï¿½;ï¿½%gï¿½?wï¿½ï¿½Å·ï¿½ï¿½ï¿½ovH0ï¿½...
        â•µ  [32m^[0m


[31mX [41;31m[[41;97mERROR[41;31m][0m [1mTS1128: Declaration or statement expected.[0m [1m[35m[plugin angular-compiler][0m

    node_modules/rxjs/dist/types/internal/operators/throwIfEmpty.d.ts:1:2:
[37m      1 â”‚ $[32mï¿½ï¿½mï¿½ï¿½moï¿½Lï¿½Dï¿½ï¿½;ï¿½%gï¿½?wï¿½ï¿½Å·ï¿½ï¿½ï¿½ovH0ï¿½[37m...
        â•µ   [32m~~~~~~~~~~~~~~~~~~~~~~~~~~~~~~~~~~[0m


[31mX [41;31m[[41;97mERROR[41;31m][0m [1mTS1490: File appears to be binary.[0m [1m[35m[plugin angular-compiler][0m

    node_modules/rxjs/dist/types/internal/operators/timeInterval.d.ts:0:0:
[37m      0 â”‚ [32m[37m
        â•µ [32m^[0m


[31mX [41;31m[[41;97mERROR[41;31m][0m [1mTS1127: Invalid character.[0m [1m[35m[plugin angular-compiler][0m

    node_modules/rxjs/dist/types/internal/operators/timeInterval.d.ts:1:1:
[37m      1 â”‚ $[32m[37mï¿½ï¿½mï¿½ï¿½moï¿½Lï¿½Dï¿½ï¿½;ï¿½%gï¿½?wï¿½ï¿½Å·ï¿½ï¿½ï¿½ovH0ï¿½...
        â•µ  [32m^[0m


[31mX [41;31m[[41;97mERROR[41;31m][0m [1mTS1128: Declaration or statement expected.[0m [1m[35m[plugin angular-compiler][0m

    node_modules/rxjs/dist/types/internal/operators/timeInterval.d.ts:1:2:
[37m      1 â”‚ $[32mï¿½ï¿½mï¿½ï¿½moï¿½Lï¿½Dï¿½ï¿½;ï¿½%gï¿½?wï¿½ï¿½Å·ï¿½ï¿½ï¿½ovH0ï¿½[37m...
        â•µ   [32m~~~~~~~~~~~~~~~~~~~~~~~~~~~~~~~~~~[0m


[31mX [41;31m[[41;97mERROR[41;31m][0m [1mTS1490: File appears to be binary.[0m [1m[35m[plugin angular-compiler][0m

    node_modules/rxjs/dist/types/internal/operators/timeout.d.ts:0:0:
[37m      0 â”‚ [32m[37m
        â•µ [32m^[0m


[31mX [41;31m[[41;97mERROR[41;31m][0m [1mTS1127: Invalid character.[0m [1m[35m[plugin angular-compiler][0m

    node_modules/rxjs/dist/types/internal/operators/timeout.d.ts:1:1:
[37m      1 â”‚ $[32m[37mï¿½ï¿½mï¿½ï¿½moï¿½Lï¿½Dï¿½ï¿½;ï¿½%gï¿½?wï¿½ï¿½Å·ï¿½ï¿½ï¿½ovH0ï¿½...
        â•µ  [32m^[0m


[31mX [41;31m[[41;97mERROR[41;31m][0m [1mTS1128: Declaration or statement expected.[0m [1m[35m[plugin angular-compiler][0m

    node_modules/rxjs/dist/types/internal/operators/timeout.d.ts:1:2:
[37m      1 â”‚ $[32mï¿½ï¿½mï¿½ï¿½moï¿½Lï¿½Dï¿½ï¿½;ï¿½%gï¿½?wï¿½ï¿½Å·ï¿½ï¿½ï¿½ovH0ï¿½[37m...
        â•µ   [32m~~~~~~~~~~~~~~~~~~~~~~~~~~~~~~~~~~[0m


[31mX [41;31m[[41;97mERROR[41;31m][0m [1mTS1490: File appears to be binary.[0m [1m[35m[plugin angular-compiler][0m

    node_modules/rxjs/dist/types/internal/operators/timeoutWith.d.ts:0:0:
[37m      0 â”‚ [32m[37m
        â•µ [32m^[0m


[31mX [41;31m[[41;97mERROR[41;31m][0m [1mTS1127: Invalid character.[0m [1m[35m[plugin angular-compiler][0m

    node_modules/rxjs/dist/types/internal/operators/timeoutWith.d.ts:1:1:
[37m      1 â”‚ $[32m[37mï¿½ï¿½mï¿½ï¿½moï¿½Lï¿½Dï¿½ï¿½;ï¿½%gï¿½?wï¿½ï¿½Å·ï¿½ï¿½ï¿½ovH0ï¿½...
        â•µ  [32m^[0m


[31mX [41;31m[[41;97mERROR[41;31m][0m [1mTS1128: Declaration or statement expected.[0m [1m[35m[plugin angular-compiler][0m

    node_modules/rxjs/dist/types/internal/operators/timeoutWith.d.ts:1:2:
[37m      1 â”‚ $[32mï¿½ï¿½mï¿½ï¿½moï¿½Lï¿½Dï¿½ï¿½;ï¿½%gï¿½?wï¿½ï¿½Å·ï¿½ï¿½ï¿½ovH0ï¿½[37m...
        â•µ   [32m~~~~~~~~~~~~~~~~~~~~~~~~~~~~~~~~~~[0m


[31mX [41;31m[[41;97mERROR[41;31m][0m [1mTS1490: File appears to be binary.[0m [1m[35m[plugin angular-compiler][0m

    node_modules/rxjs/dist/types/internal/operators/timestamp.d.ts:0:0:
[37m      0 â”‚ [32m[37m
        â•µ [32m^[0m


[31mX [41;31m[[41;97mERROR[41;31m][0m [1mTS1127: Invalid character.[0m [1m[35m[plugin angular-compiler][0m

    node_modules/rxjs/dist/types/internal/operators/timestamp.d.ts:1:1:
[37m      1 â”‚ $[32m[37mï¿½ï¿½mï¿½ï¿½moï¿½Lï¿½Dï¿½ï¿½;ï¿½%gï¿½?wï¿½ï¿½Å·ï¿½ï¿½ï¿½ovH0ï¿½...
        â•µ  [32m^[0m


[31mX [41;31m[[41;97mERROR[41;31m][0m [1mTS1128: Declaration or statement expected.[0m [1m[35m[plugin angular-compiler][0m

    node_modules/rxjs/dist/types/internal/operators/timestamp.d.ts:1:2:
[37m      1 â”‚ $[32mï¿½ï¿½mï¿½ï¿½moï¿½Lï¿½Dï¿½ï¿½;ï¿½%gï¿½?wï¿½ï¿½Å·ï¿½ï¿½ï¿½ovH0ï¿½[37m...
        â•µ   [32m~~~~~~~~~~~~~~~~~~~~~~~~~~~~~~~~~~[0m


[31mX [41;31m[[41;97mERROR[41;31m][0m [1mTS1490: File appears to be binary.[0m [1m[35m[plugin angular-compiler][0m

    node_modules/rxjs/dist/types/internal/operators/toArray.d.ts:0:0:
[37m      0 â”‚ [32m[37m
        â•µ [32m^[0m


[31mX [41;31m[[41;97mERROR[41;31m][0m [1mTS1127: Invalid character.[0m [1m[35m[plugin angular-compiler][0m

    node_modules/rxjs/dist/types/internal/operators/toArray.d.ts:1:1:
[37m      1 â”‚ $[32m[37mï¿½ï¿½mï¿½ï¿½moï¿½Lï¿½Dï¿½ï¿½;ï¿½%gï¿½?wï¿½ï¿½Å·ï¿½ï¿½ï¿½ovH0ï¿½...
        â•µ  [32m^[0m


[31mX [41;31m[[41;97mERROR[41;31m][0m [1mTS1128: Declaration or statement expected.[0m [1m[35m[plugin angular-compiler][0m

    node_modules/rxjs/dist/types/internal/operators/toArray.d.ts:1:2:
[37m      1 â”‚ $[32mï¿½ï¿½mï¿½ï¿½moï¿½Lï¿½Dï¿½ï¿½;ï¿½%gï¿½?wï¿½ï¿½Å·ï¿½ï¿½ï¿½ovH0ï¿½[37m...
        â•µ   [32m~~~~~~~~~~~~~~~~~~~~~~~~~~~~~~~~~~[0m


[31mX [41;31m[[41;97mERROR[41;31m][0m [1mTS1490: File appears to be binary.[0m [1m[35m[plugin angular-compiler][0m

    node_modules/rxjs/dist/types/internal/scheduler/VirtualTimeScheduler.d.ts:0:0:
[37m      0 â”‚ [32m[37m
        â•µ [32m^[0m


[31mX [41;31m[[41;97mERROR[41;31m][0m [1mTS1127: Invalid character.[0m [1m[35m[plugin angular-compiler][0m

    node_modules/rxjs/dist/types/internal/scheduler/VirtualTimeScheduler.d.ts:1:1:
[37m      1 â”‚ $[32m[37mï¿½ï¿½mï¿½ï¿½moï¿½Lï¿½Dï¿½ï¿½;ï¿½%gï¿½?wï¿½ï¿½Å·ï¿½ï¿½ï¿½ovH0ï¿½...
        â•µ  [32m^[0m


[31mX [41;31m[[41;97mERROR[41;31m][0m [1mTS1128: Declaration or statement expected.[0m [1m[35m[plugin angular-compiler][0m

    node_modules/rxjs/dist/types/internal/scheduler/VirtualTimeScheduler.d.ts:1:2:
[37m      1 â”‚ $[32mï¿½ï¿½mï¿½ï¿½moï¿½Lï¿½Dï¿½ï¿½;ï¿½%gï¿½?wï¿½ï¿½Å·ï¿½ï¿½ï¿½ovH0ï¿½[37m...
        â•µ   [32m~~~~~~~~~~~~~~~~~~~~~~~~~~~~~~~~~~[0m


[31mX [41;31m[[41;97mERROR[41;31m][0m [1mTS1490: File appears to be binary.[0m [1m[35m[plugin angular-compiler][0m

    node_modules/rxjs/dist/types/internal/scheduler/animationFrame.d.ts:0:0:
[37m      0 â”‚ [32m[37m
        â•µ [32m^[0m


[31mX [41;31m[[41;97mERROR[41;31m][0m [1mTS1127: Invalid character.[0m [1m[35m[plugin angular-compiler][0m

    node_modules/rxjs/dist/types/internal/scheduler/animationFrame.d.ts:1:1:
[37m      1 â”‚ $[32m[37mï¿½ï¿½mï¿½ï¿½moï¿½Lï¿½Dï¿½ï¿½;ï¿½%gï¿½?wï¿½ï¿½Å·ï¿½ï¿½ï¿½ovH0ï¿½...
        â•µ  [32m^[0m


[31mX [41;31m[[41;97mERROR[41;31m][0m [1mTS1128: Declaration or statement expected.[0m [1m[35m[plugin angular-compiler][0m

    node_modules/rxjs/dist/types/internal/scheduler/animationFrame.d.ts:1:2:
[37m      1 â”‚ $[32mï¿½ï¿½mï¿½ï¿½moï¿½Lï¿½Dï¿½ï¿½;ï¿½%gï¿½?wï¿½ï¿½Å·ï¿½ï¿½ï¿½ovH0ï¿½[37m...
        â•µ   [32m~~~~~~~~~~~~~~~~~~~~~~~~~~~~~~~~~~[0m


[31mX [41;31m[[41;97mERROR[41;31m][0m [1mTS1490: File appears to be binary.[0m [1m[35m[plugin angular-compiler][0m

    node_modules/rxjs/dist/types/internal/scheduler/asap.d.ts:0:0:
[37m      0 â”‚ [32m[37m
        â•µ [32m^[0m


[31mX [41;31m[[41;97mERROR[41;31m][0m [1mTS1127: Invalid character.[0m [1m[35m[plugin angular-compiler][0m

    node_modules/rxjs/dist/types/internal/scheduler/asap.d.ts:1:1:
[37m      1 â”‚ $[32m[37mï¿½ï¿½mï¿½ï¿½moï¿½Lï¿½Dï¿½ï¿½;ï¿½%gï¿½?wï¿½ï¿½Å·ï¿½ï¿½ï¿½ovH0ï¿½...
        â•µ  [32m^[0m


[31mX [41;31m[[41;97mERROR[41;31m][0m [1mTS1128: Declaration or statement expected.[0m [1m[35m[plugin angular-compiler][0m

    node_modules/rxjs/dist/types/internal/scheduler/asap.d.ts:1:2:
[37m      1 â”‚ $[32mï¿½ï¿½mï¿½ï¿½moï¿½Lï¿½Dï¿½ï¿½;ï¿½%gï¿½?wï¿½ï¿½Å·ï¿½ï¿½ï¿½ovH0ï¿½[37m...
        â•µ   [32m~~~~~~~~~~~~~~~~~~~~~~~~~~~~~~~~~~[0m


[31mX [41;31m[[41;97mERROR[41;31m][0m [1mTS1490: File appears to be binary.[0m [1m[35m[plugin angular-compiler][0m

    node_modules/rxjs/dist/types/internal/scheduler/async.d.ts:0:0:
[37m      0 â”‚ [32m[37m
        â•µ [32m^[0m


[31mX [41;31m[[41;97mERROR[41;31m][0m [1mTS1127: Invalid character.[0m [1m[35m[plugin angular-compiler][0m

    node_modules/rxjs/dist/types/internal/scheduler/async.d.ts:1:1:
[37m      1 â”‚ $[32m[37mï¿½ï¿½mï¿½ï¿½moï¿½Lï¿½Dï¿½ï¿½;ï¿½%gï¿½?wï¿½ï¿½Å·ï¿½ï¿½ï¿½ovH0ï¿½...
        â•µ  [32m^[0m


[31mX [41;31m[[41;97mERROR[41;31m][0m [1mTS1128: Declaration or statement expected.[0m [1m[35m[plugin angular-compiler][0m

    node_modules/rxjs/dist/types/internal/scheduler/async.d.ts:1:2:
[37m      1 â”‚ $[32mï¿½ï¿½mï¿½ï¿½moï¿½Lï¿½Dï¿½ï¿½;ï¿½%gï¿½?wï¿½ï¿½Å·ï¿½ï¿½ï¿½ovH0ï¿½[37m...
        â•µ   [32m~~~~~~~~~~~~~~~~~~~~~~~~~~~~~~~~~~[0m


[31mX [41;31m[[41;97mERROR[41;31m][0m [1mTS1490: File appears to be binary.[0m [1m[35m[plugin angular-compiler][0m

    node_modules/rxjs/dist/types/internal/scheduler/queue.d.ts:0:0:
[37m      0 â”‚ [32m[37m
        â•µ [32m^[0m


[31mX [41;31m[[41;97mERROR[41;31m][0m [1mTS1127: Invalid character.[0m [1m[35m[plugin angular-compiler][0m

    node_modules/rxjs/dist/types/internal/scheduler/queue.d.ts:1:1:
[37m      1 â”‚ $[32m[37mï¿½ï¿½mï¿½ï¿½moï¿½Lï¿½Dï¿½ï¿½;ï¿½%gï¿½?wï¿½ï¿½Å·ï¿½ï¿½ï¿½ovH0ï¿½...
        â•µ  [32m^[0m


[31mX [41;31m[[41;97mERROR[41;31m][0m [1mTS1128: Declaration or statement expected.[0m [1m[35m[plugin angular-compiler][0m

    node_modules/rxjs/dist/types/internal/scheduler/queue.d.ts:1:2:
[37m      1 â”‚ $[32mï¿½ï¿½mï¿½ï¿½moï¿½Lï¿½Dï¿½ï¿½;ï¿½%gï¿½?wï¿½ï¿½Å·ï¿½ï¿½ï¿½ovH0ï¿½[37m...
        â•µ   [32m~~~~~~~~~~~~~~~~~~~~~~~~~~~~~~~~~~[0m


[31mX [41;31m[[41;97mERROR[41;31m][0m [1mTS1490: File appears to be binary.[0m [1m[35m[plugin angular-compiler][0m

    node_modules/rxjs/dist/types/internal/testing/TestScheduler.d.ts:0:0:
[37m      0 â”‚ [32m[37m
        â•µ [32m^[0m


[31mX [41;31m[[41;97mERROR[41;31m][0m [1mTS1127: Invalid character.[0m [1m[35m[plugin angular-compiler][0m

    node_modules/rxjs/dist/types/internal/testing/TestScheduler.d.ts:1:1:
[37m      1 â”‚ $[32m[37mï¿½ï¿½mï¿½ï¿½moï¿½Lï¿½Dï¿½ï¿½;ï¿½%gï¿½?wï¿½ï¿½Å·ï¿½ï¿½ï¿½ovH0ï¿½...
        â•µ  [32m^[0m


[31mX [41;31m[[41;97mERROR[41;31m][0m [1mTS1128: Declaration or statement expected.[0m [1m[35m[plugin angular-compiler][0m

    node_modules/rxjs/dist/types/internal/testing/TestScheduler.d.ts:1:2:
[37m      1 â”‚ $[32mï¿½ï¿½mï¿½ï¿½moï¿½Lï¿½Dï¿½ï¿½;ï¿½%gï¿½?wï¿½ï¿½Å·ï¿½ï¿½ï¿½ovH0ï¿½[37m...
        â•µ   [32m~~~~~~~~~~~~~~~~~~~~~~~~~~~~~~~~~~[0m


[31mX [41;31m[[41;97mERROR[41;31m][0m [1mTS1490: File appears to be binary.[0m [1m[35m[plugin angular-compiler][0m

    node_modules/rxjs/dist/types/internal/types.d.ts:0:0:
[37m      0 â”‚ [32m[37m
        â•µ [32m^[0m


[31mX [41;31m[[41;97mERROR[41;31m][0m [1mTS1127: Invalid character.[0m [1m[35m[plugin angular-compiler][0m

    node_modules/rxjs/dist/types/internal/types.d.ts:1:1:
[37m      1 â”‚ $[32m[37mï¿½ï¿½mï¿½ï¿½moï¿½Lï¿½Dï¿½ï¿½;ï¿½%gï¿½?wï¿½ï¿½Å·ï¿½ï¿½ï¿½ovH0ï¿½...
        â•µ  [32m^[0m


[31mX [41;31m[[41;97mERROR[41;31m][0m [1mTS1128: Declaration or statement expected.[0m [1m[35m[plugin angular-compiler][0m

    node_modules/rxjs/dist/types/internal/types.d.ts:1:2:
[37m      1 â”‚ $[32mï¿½ï¿½mï¿½ï¿½moï¿½Lï¿½Dï¿½ï¿½;ï¿½%gï¿½?wï¿½ï¿½Å·ï¿½ï¿½ï¿½ovH0ï¿½[37m...
        â•µ   [32m~~~~~~~~~~~~~~~~~~~~~~~~~~~~~~~~~~[0m


[31mX [41;31m[[41;97mERROR[41;31m][0m [1mTS1490: File appears to be binary.[0m [1m[35m[plugin angular-compiler][0m

    node_modules/rxjs/dist/types/internal/util/ArgumentOutOfRangeError.d.ts:0:0:
[37m      0 â”‚ [32m[37m
        â•µ [32m^[0m


[31mX [41;31m[[41;97mERROR[41;31m][0m [1mTS1127: Invalid character.[0m [1m[35m[plugin angular-compiler][0m

    node_modules/rxjs/dist/types/internal/util/ArgumentOutOfRangeError.d.ts:1:1:
[37m      1 â”‚ $[32m[37mï¿½ï¿½mï¿½ï¿½moï¿½Lï¿½Dï¿½ï¿½;ï¿½%gï¿½?wï¿½ï¿½Å·ï¿½ï¿½ï¿½ovH0ï¿½...
        â•µ  [32m^[0m


[31mX [41;31m[[41;97mERROR[41;31m][0m [1mTS1128: Declaration or statement expected.[0m [1m[35m[plugin angular-compiler][0m

    node_modules/rxjs/dist/types/internal/util/ArgumentOutOfRangeError.d.ts:1:2:
[37m      1 â”‚ $[32mï¿½ï¿½mï¿½ï¿½moï¿½Lï¿½Dï¿½ï¿½;ï¿½%gï¿½?wï¿½ï¿½Å·ï¿½ï¿½ï¿½ovH0ï¿½[37m...
        â•µ   [32m~~~~~~~~~~~~~~~~~~~~~~~~~~~~~~~~~~[0m


[31mX [41;31m[[41;97mERROR[41;31m][0m [1mTS1490: File appears to be binary.[0m [1m[35m[plugin angular-compiler][0m

    node_modules/rxjs/dist/types/internal/util/pipe.d.ts:0:0:
[37m      0 â”‚ [32m[37m
        â•µ [32m^[0m


[31mX [41;31m[[41;97mERROR[41;31m][0m [1mTS1127: Invalid character.[0m [1m[35m[plugin angular-compiler][0m

    node_modules/rxjs/dist/types/internal/util/pipe.d.ts:1:1:
[37m      1 â”‚ $[32m[37mï¿½ï¿½mï¿½ï¿½moï¿½Lï¿½Dï¿½ï¿½;ï¿½%gï¿½?wï¿½ï¿½Å·ï¿½ï¿½ï¿½ovH0ï¿½...
        â•µ  [32m^[0m


[31mX [41;31m[[41;97mERROR[41;31m][0m [1mTS1128: Declaration or statement expected.[0m [1m[35m[plugin angular-compiler][0m

    node_modules/rxjs/dist/types/internal/util/pipe.d.ts:1:2:
[37m      1 â”‚ $[32mï¿½ï¿½mï¿½ï¿½moï¿½Lï¿½Dï¿½ï¿½;ï¿½%gï¿½?wï¿½ï¿½Å·ï¿½ï¿½ï¿½ovH0ï¿½[37m...
        â•µ   [32m~~~~~~~~~~~~~~~~~~~~~~~~~~~~~~~~~~[0m

[39m[22m
